#
# A fatal error has been detected by the Java Runtime Environment:
#
#  EXCEPTION_ACCESS_VIOLATION (0xc0000005) at pc=0x00007fffa93e880f, pid=25272, tid=21872
#
# JRE version: Java(TM) SE Runtime Environment (9.0+11) (build 9.0.4+11)
# Java VM: Java HotSpot(TM) 64-Bit Server VM (9.0.4+11, mixed mode, tiered, compressed oops, g1 gc, windows-amd64)
# Problematic frame:
# C  [librdi_common.dll+0x17880f]
#
# No core dump will be written. Minidumps are not enabled by default on client versions of Windows
#
# If you would like to submit a bug report, please visit:
#   http://bugreport.java.com/bugreport/crash.jsp
# The crash happened outside the Java Virtual Machine in native code.
# See problematic frame for where to report the bug.
#

---------------  S U M M A R Y ------------

Command Line: -Dsun.java2d.pmoffscreen=false -Dsun.java2d.xrender=false -Dsun.java2d.d3d=false -Dsun.awt.nopixfmt=true -Dsun.java2d.dpiaware=true -Dsun.java2d.uiScale.enabled=false -Xverify:none -Dswing.aatext=true -XX:-UsePerfData -Djdk.map.althashing.threshold=512 -XX:StringTableSize=4072 --add-opens=java.base/java.nio=ALL-UNNAMED --add-opens=java.desktop/sun.swing=ALL-UNNAMED --add-opens=java.desktop/javax.swing=ALL-UNNAMED --add-opens=java.desktop/javax.swing.tree=ALL-UNNAMED --add-opens=java.desktop/javax.swing.plaf.basic=ALL-UNNAMED --add-opens=java.desktop/javax.swing.plaf.synth=ALL-UNNAMED --add-opens=java.desktop/com.sun.awt=ALL-UNNAMED -XX:NewSize=60m -XX:MaxNewSize=60m -Xms128m -Xmx3072m -Xss5m 

Host: AMD Ryzen 7 7735H with Radeon Graphics        , 16 cores, 15G,  Windows 10 , 64 bit Build 22621 (10.0.22621.3958)
Time: Wed Dec 18 21:37:53 2024 ?D1¨²¡À¨º¡Á?¨º¡À?? elapsed time: 4111 seconds (0d 1h 8m 31s)

---------------  T H R E A D  ---------------

Current thread (0x0000021666482800):  JavaThread "AWT-EventQueue-1" [_thread_in_native, id=21872, stack(0x00000038b9000000,0x00000038b9500000)]

Stack: [0x00000038b9000000,0x00000038b9500000],  sp=0x00000038b94f4780,  free space=5073k
Native frames: (J=compiled Java code, j=interpreted, Vv=VM code, C=native code)
C  [librdi_common.dll+0x17880f]
C  [librdi_common.dll+0x81bcd]
C  [librdi_wavedata.dll+0x1d9e1e]
C  [librdi_wavedata.dll+0x2375c5]
C  [librdi_wavedata.dll+0x2637a3]
C  [librdi_wavedata.dll+0x263f6f]
C  [librdi_wavedata.dll+0x237fb3]
C  [librdi_wavedata.dll+0x238032]
C  [librdi_wavedata.dll+0x2380d1]
C  [librdi_wavedata.dll+0x22f840]
C  [librdi_wavedata.dll+0x26ba6f]
C  0x000002165103a9ba

Java frames: (J=compiled Java code, j=interpreted, Vv=VM code)
J 21333  ui.views.waveform.waveformi.WVExecutive_getValueDataSize(J)J (0 bytes) @ 0x000002165103a921 [0x000002165103a8e0+0x0000000000000041]
J 21332 c1 ui.views.waveform.executive.a.gBm()Lui/views/waveform/executive/protobuf/WVNameValue$WVValueTreeMessage; (70 bytes) @ 0x000002164b4658a4 [0x000002164b465820+0x0000000000000084]
J 21331 c1 ui.views.waveform.f.w.gCe()[Ljava/lang/String; (53 bytes) @ 0x000002164b464e8c [0x000002164b464d80+0x000000000000010c]
J 21884 c1 ui.views.waveform.f.w.cPh()V (60 bytes) @ 0x000002164b63bf24 [0x000002164b63bc20+0x0000000000000304]
J 21365 c1 ui.views.waveform.w.cPh()V (38 bytes) @ 0x000002164b47da84 [0x000002164b47d100+0x0000000000000984]
J 19908 c1 ui.views.waveform.c.b.j(Lui/frmwork/b/i;)V (589 bytes) @ 0x000002164a5b4f24 [0x000002164a5ad7a0+0x0000000000007784]
J 19907 c1 ui.views.waveform.w.a(Lui/frmwork/b/i;)V (17 bytes) @ 0x000002164939df94 [0x000002164939dec0+0x00000000000000d4]
J 24260 c2 ui.frmwork.b.l.d(Lui/frmwork/b/i;)V (61 bytes) @ 0x0000021650a463a8 [0x0000021650a460c0+0x00000000000002e8]
J 23733 c2 ui.frmwork.HTclEventBroker.i(JZ)V (471 bytes) @ 0x00000216513b338c [0x00000216513b1c20+0x000000000000176c]
J 24931 c2 ui.frmwork.HTclEventBroker.fireTclEvent(J)I (113 bytes) @ 0x0000021651513fc4 [0x0000021651513840+0x0000000000000784]
v  ~StubRoutines::call_stub
j  ui.views.waveform.waveformi.WVExecutive_setViewportSize(JII)V+0
j  ui.views.waveform.executive.a.ez(II)V+62
j  ui.views.waveform.c.b.gzM()V+131
j  ui.views.waveform.v.componentResized(Ljava/awt/event/ComponentEvent;)V+10
J 17746 c1 java.awt.AWTEventMulticaster.componentResized(Ljava/awt/event/ComponentEvent;)V java.desktop@9.0.4 (27 bytes) @ 0x000002164b1c3c44 [0x000002164b1c3880+0x00000000000003c4]
J 25273 c2 java.awt.Container.processEvent(Ljava/awt/AWTEvent;)V java.desktop@9.0.4 (22 bytes) @ 0x00000216515c26fc [0x00000216515c2340+0x00000000000003bc]
J 25275 c2 java.awt.Component.dispatchEventImpl(Ljava/awt/AWTEvent;)V java.desktop@9.0.4 (739 bytes) @ 0x00000216515c4e44 [0x00000216515c4600+0x0000000000000844]
J 16615 c2 java.awt.Container.dispatchEventImpl(Ljava/awt/AWTEvent;)V java.desktop@9.0.4 (129 bytes) @ 0x0000021650bf1cb8 [0x0000021650bf1c60+0x0000000000000058]
J 13809 c2 java.awt.EventQueue$3.run()Ljava/lang/Object; java.desktop@9.0.4 (5 bytes) @ 0x000002164fe27764 [0x000002164fe27180+0x00000000000005e4]
v  ~StubRoutines::call_stub
J 3313  java.security.AccessController.doPrivileged(Ljava/security/PrivilegedAction;Ljava/security/AccessControlContext;)Ljava/lang/Object; java.base@9.0.4 (0 bytes) @ 0x000002164ffc09c6 [0x000002164ffc0960+0x0000000000000066]
J 16917 c2 java.awt.EventQueue$4.run()Ljava/lang/Object; java.desktop@9.0.4 (5 bytes) @ 0x0000021650c80840 [0x0000021650c805e0+0x0000000000000260]
v  ~StubRoutines::call_stub
J 3313  java.security.AccessController.doPrivileged(Ljava/security/PrivilegedAction;Ljava/security/AccessControlContext;)Ljava/lang/Object; java.base@9.0.4 (0 bytes) @ 0x000002164ffc09c6 [0x000002164ffc0960+0x0000000000000066]
J 13551 c2 ui.frmwork.b.d.dispatchEvent(Ljava/awt/AWTEvent;)V (34 bytes) @ 0x00000216507a6734 [0x00000216507a63a0+0x0000000000000394]
J 21345 c2 java.awt.EventDispatchThread.pumpOneEventForFilters(I)V java.desktop@9.0.4 (218 bytes) @ 0x000002165103c27c [0x000002165103be80+0x00000000000003fc]
J 22923 c2 java.awt.EventDispatchThread.pumpEventsForFilter(ILjava/awt/Conditional;Ljava/awt/EventFilter;)V java.desktop@9.0.4 (47 bytes) @ 0x0000021650178eec [0x0000021650178d60+0x000000000000018c]
j  java.awt.EventDispatchThread.pumpEventsForFilter(Ljava/awt/Conditional;Ljava/awt/EventFilter;)V+4 java.desktop@9.0.4
j  java.awt.WaitDispatchSupport$2.run()V+59 java.desktop@9.0.4
j  java.awt.WaitDispatchSupport$4.run()Ljava/lang/Void;+4 java.desktop@9.0.4
j  java.awt.WaitDispatchSupport$4.run()Ljava/lang/Object;+1 java.desktop@9.0.4
v  ~StubRoutines::call_stub
J 1082  java.security.AccessController.doPrivileged(Ljava/security/PrivilegedAction;)Ljava/lang/Object; java.base@9.0.4 (0 bytes) @ 0x000002164fe22d32 [0x000002164fe22ce0+0x0000000000000052]
j  java.awt.WaitDispatchSupport.enter()Z+260 java.desktop@9.0.4
j  java.awt.Dialog.show()V+225 java.desktop@9.0.4
J 26840 c1 java.awt.Window.setVisible(Z)V java.desktop@9.0.4 (6 bytes) @ 0x0000021648a6e604 [0x0000021648a6e3e0+0x0000000000000224]
j  java.awt.Dialog.setVisible(Z)V+2 java.desktop@9.0.4
j  ui.b.c.g.setVisible(Z)V+2
j  ui.b.c.bx.showDialog()V+64
j  ui.b.c.bE.actionPerformed(Ljava/awt/event/ActionEvent;)V+8
j  ui.b.c.bx.cHE()V+396
j  ui.views.c.s.b.a.run()V+60
j  ui.frmwork.a.dTt()Z+66
j  ui.frmwork.V.dVd()V+42
j  ui.bk.actionPerformed(Ljava/awt/event/ActionEvent;)V+25
J 23596 c1 javax.swing.AbstractButton.fireActionPerformed(Ljava/awt/event/ActionEvent;)V java.desktop@9.0.4 (96 bytes) @ 0x000002164a2f77ac [0x000002164a2f6f40+0x000000000000086c]
J 24244 c1 ui.utils.o.b.B.fireActionPerformed(Ljava/awt/event/ActionEvent;)V (11 bytes) @ 0x0000021648e17164 [0x0000021648e170c0+0x00000000000000a4]
J 23842 c1 javax.swing.AbstractButton$Handler.actionPerformed(Ljava/awt/event/ActionEvent;)V java.desktop@9.0.4 (9 bytes) @ 0x000002164b1d0e44 [0x000002164b1d0d40+0x0000000000000104]
J 23837 c1 javax.swing.DefaultButtonModel.fireActionPerformed(Ljava/awt/event/ActionEvent;)V java.desktop@9.0.4 (46 bytes) @ 0x000002164b1c7514 [0x000002164b1c7260+0x00000000000002b4]
J 21727 c1 javax.swing.DefaultButtonModel.setPressed(Z)V java.desktop@9.0.4 (125 bytes) @ 0x000002164b5c1844 [0x000002164b5c0980+0x0000000000000ec4]
J 23985 c1 javax.swing.plaf.basic.BasicButtonListener.mouseReleased(Ljava/awt/event/MouseEvent;)V java.desktop@9.0.4 (48 bytes) @ 0x000002164b9fdfac [0x000002164b9fdb80+0x000000000000042c]
J 24243 c1 com.jidesoft.plaf.basic.BasicJideButtonListener.mouseReleased(Ljava/awt/event/MouseEvent;)V (70 bytes) @ 0x0000021649067a24 [0x00000216490671c0+0x0000000000000864]
J 18906 c1 java.awt.AWTEventMulticaster.mouseReleased(Ljava/awt/event/MouseEvent;)V java.desktop@9.0.4 (27 bytes) @ 0x000002164985fe0c [0x000002164985fc00+0x000000000000020c]
J 18906 c1 java.awt.AWTEventMulticaster.mouseReleased(Ljava/awt/event/MouseEvent;)V java.desktop@9.0.4 (27 bytes) @ 0x000002164985fe0c [0x000002164985fc00+0x000000000000020c]
J 18906 c1 java.awt.AWTEventMulticaster.mouseReleased(Ljava/awt/event/MouseEvent;)V java.desktop@9.0.4 (27 bytes) @ 0x000002164985fe0c [0x000002164985fc00+0x000000000000020c]
J 23680 c2 javax.swing.JComponent.processMouseEvent(Ljava/awt/event/MouseEvent;)V java.desktop@9.0.4 (27 bytes) @ 0x000002165138d08c [0x000002165138cea0+0x00000000000001ec]
J 25273 c2 java.awt.Container.processEvent(Ljava/awt/AWTEvent;)V java.desktop@9.0.4 (22 bytes) @ 0x00000216515c24a0 [0x00000216515c2340+0x0000000000000160]
J 25275 c2 java.awt.Component.dispatchEventImpl(Ljava/awt/AWTEvent;)V java.desktop@9.0.4 (739 bytes) @ 0x00000216515c4e44 [0x00000216515c4600+0x0000000000000844]
J 16615 c2 java.awt.Container.dispatchEventImpl(Ljava/awt/AWTEvent;)V java.desktop@9.0.4 (129 bytes) @ 0x0000021650bf1cb8 [0x0000021650bf1c60+0x0000000000000058]
J 18865 c2 java.awt.LightweightDispatcher.retargetMouseEvent(Ljava/awt/Component;ILjava/awt/event/MouseEvent;)V java.desktop@9.0.4 (350 bytes) @ 0x00000216509e665c [0x00000216509e6380+0x00000000000002dc]
J 22419 c2 java.awt.LightweightDispatcher.processMouseEvent(Ljava/awt/event/MouseEvent;)Z java.desktop@9.0.4 (265 bytes) @ 0x0000021651189f10 [0x00000216511897a0+0x0000000000000770]
J 19411 c2 java.awt.Window.dispatchEventImpl(Ljava/awt/AWTEvent;)V java.desktop@9.0.4 (23 bytes) @ 0x0000021650e96d3c [0x0000021650e96a00+0x000000000000033c]
J 13809 c2 java.awt.EventQueue$3.run()Ljava/lang/Object; java.desktop@9.0.4 (5 bytes) @ 0x000002164fe27764 [0x000002164fe27180+0x00000000000005e4]
v  ~StubRoutines::call_stub
J 3313  java.security.AccessController.doPrivileged(Ljava/security/PrivilegedAction;Ljava/security/AccessControlContext;)Ljava/lang/Object; java.base@9.0.4 (0 bytes) @ 0x000002164ffc09c6 [0x000002164ffc0960+0x0000000000000066]
J 16917 c2 java.awt.EventQueue$4.run()Ljava/lang/Object; java.desktop@9.0.4 (5 bytes) @ 0x0000021650c80840 [0x0000021650c805e0+0x0000000000000260]
v  ~StubRoutines::call_stub
J 3313  java.security.AccessController.doPrivileged(Ljava/security/PrivilegedAction;Ljava/security/AccessControlContext;)Ljava/lang/Object; java.base@9.0.4 (0 bytes) @ 0x000002164ffc09c6 [0x000002164ffc0960+0x0000000000000066]
J 13551 c2 ui.frmwork.b.d.dispatchEvent(Ljava/awt/AWTEvent;)V (34 bytes) @ 0x00000216507a6734 [0x00000216507a63a0+0x0000000000000394]
J 21345 c2 java.awt.EventDispatchThread.pumpOneEventForFilters(I)V java.desktop@9.0.4 (218 bytes) @ 0x000002165103c27c [0x000002165103be80+0x00000000000003fc]
J 22792% c2 java.awt.EventDispatchThread.pumpEventsForFilter(ILjava/awt/Conditional;Ljava/awt/EventFilter;)V java.desktop@9.0.4 (47 bytes) @ 0x000002165126d158 [0x000002165126d040+0x0000000000000118]
j  java.awt.EventDispatchThread.pumpEventsForHierarchy(ILjava/awt/Conditional;Ljava/awt/Component;)V+11 java.desktop@9.0.4
j  java.awt.EventDispatchThread.pumpEvents(ILjava/awt/Conditional;)V+4 java.desktop@9.0.4
j  java.awt.EventDispatchThread.pumpEvents(Ljava/awt/Conditional;)V+3 java.desktop@9.0.4
j  java.awt.EventDispatchThread.run()V+9 java.desktop@9.0.4
v  ~StubRoutines::call_stub

siginfo: EXCEPTION_ACCESS_VIOLATION (0xc0000005), reading address 0xffffffffffffffff


Register to memory mapping:

RIP=0x00007fffa93e880f librdi_common.dll
RAX=0x0000021637881801 is an unknown value
RBX=0x00000038b94f4840 is pointing into the stack for thread: 0x0000021666482800
RCX=0x0000021637881830 is an unknown value
RDX=0x9004cb16cd07511d is an unknown value
RSP=0x00000038b94f4780 is pointing into the stack for thread: 0x0000021666482800
RBP=0x00000038b94f4a90 is pointing into the stack for thread: 0x0000021666482800
RSI=0x0000000000000000 is an unknown value
RDI=0x9004cb16cd07511d is an unknown value
R8 =0x00007fff6ad337dc librdi_wavedata.dll
R9 =0x0000000000000000 is an unknown value
R10=0x0000000000000001 is an unknown value
R11=0x00000038b94f4808 is pointing into the stack for thread: 0x0000021666482800
R12=0x0000000000000000 is an unknown value
R13=0x00000000fffffffe is an unknown value
R14=0x0000021674240ab0 is an unknown value
R15=0x000000000c962718 is an unknown value


Registers:
RAX=0x0000021637881801, RBX=0x00000038b94f4840, RCX=0x0000021637881830, RDX=0x9004cb16cd07511d
RSP=0x00000038b94f4780, RBP=0x00000038b94f4a90, RSI=0x0000000000000000, RDI=0x9004cb16cd07511d
R8 =0x00007fff6ad337dc, R9 =0x0000000000000000, R10=0x0000000000000001, R11=0x00000038b94f4808
R12=0x0000000000000000, R13=0x00000000fffffffe, R14=0x0000021674240ab0, R15=0x000000000c962718
RIP=0x00007fffa93e880f, EFLAGS=0x0000000000010202

Top of Stack: (sp=0x00000038b94f4780)
0x00000038b94f4780:   0000000000000000 000000000000000f
0x00000038b94f4790:   000002166ad7e800 00000038b94f4840
0x00000038b94f47a0:   0000000000000000 fffffffffffffffe
0x00000038b94f47b0:   00007fff6ad46700 00007ff8313d4de8
0x00000038b94f47c0:   0000000000000000 000000000000000f
0x00000038b94f47d0:   0000000065757200 0000000000000000
0x00000038b94f47e0:   0000000000000000 000000000000000f
0x00000038b94f47f0:   0000b32c68941d1b 00007ff8313d4dc0
0x00000038b94f4800:   00000038b94f49a0 00007fffa92f1bcd
0x00000038b94f4810:   00007fff6ad33798 0000021674240ab0
0x00000038b94f4820:   0000021674240ab0 0000021664054df0
0x00000038b94f4830:   0000021674240ab0 fffffffffffffffe
0x00000038b94f4840:   0000021635c102ac 00007fff6aac8c87
0x00000038b94f4850:   000000000c962718 0000021674240ab0
0x00000038b94f4860:   0000b32c6894128b 0000000000000000
0x00000038b94f4870:   0000000000000000 00007fff6aac9e1e 

Instructions: (pc=0x00007fffa93e880f)
0x00007fffa93e87ef:   6e 00 cc 48 83 f9 27 76 07 ff 15 e2 64 6e 00 cc
0x00007fffa93e87ff:   48 8b c8 e8 c9 b4 5a 00 48 8b c3 e9 1c 01 00 00
0x00007fffa93e880f:   48 8b 4f 50 48 85 c9 0f 84 ff 00 00 00 48 8d 54
0x00007fffa93e881f:   24 50 e8 ba e3 04 00 48 8b d0 48 8d 4c 24 30 e8 



---------------  P R O C E S S  ---------------

Java Threads: ( => current thread )
  0x000002167181f800 JavaThread "Relaunch Simulation" [_thread_blocked, id=13620, stack(0x00000038bcd00000,0x00000038bd200000)]
  0x000002167181b000 JavaThread "Thread-5350" [_thread_in_native, id=3528, stack(0x00000038bd200000,0x00000038bd300000)]
  0x000002167181a000 JavaThread "Monitor File Timestamp Swing Worker" [_thread_blocked, id=25548, stack(0x00000038bd800000,0x00000038bdd00000)]
  0x0000021671818800 JavaThread "Timer-8" [_thread_blocked, id=13936, stack(0x00000038bd300000,0x00000038bd800000)]
  0x0000021671816800 JavaThread "Thread-3561" [_thread_in_native, id=10332, stack(0x00000038b0300000,0x00000038b0400000)]
  0x0000021674d74000 JavaThread "Thread-3548" [_thread_in_native, id=19144, stack(0x00000038b0400000,0x00000038b0500000)]
  0x0000021674d75800 JavaThread "Thread-3442" [_thread_in_native, id=15484, stack(0x00000038bc700000,0x00000038bc800000)]
  0x0000021674d73800 JavaThread "Thread-3424" [_thread_in_native, id=25880, stack(0x00000038bd100000,0x00000038bd200000)]
  0x0000021674d75000 JavaThread "Thread-2622" [_thread_in_native, id=18280, stack(0x00000038b0300000,0x00000038b0400000)]
  0x0000021674d72000 JavaThread "Thread-2612" [_thread_in_native, id=4416, stack(0x00000038b0300000,0x00000038b0400000)]
  0x0000021674d6d800 JavaThread "Thread-2605" [_thread_in_native, id=6844, stack(0x00000038b0400000,0x00000038b0500000)]
  0x0000021674d72800 JavaThread "Thread-2434" [_thread_in_native, id=8900, stack(0x00000038b0400000,0x00000038b0500000)]
  0x0000021674d6a800 JavaThread "Thread-2427" [_thread_in_native, id=3976, stack(0x00000038b0400000,0x00000038b0500000)]
  0x0000021674d71000 JavaThread "Thread-2420" [_thread_in_native, id=11004, stack(0x00000038ba000000,0x00000038ba100000)]
  0x0000021674d69800 JavaThread "Thread-1932" [_thread_in_native, id=22468, stack(0x00000038b0300000,0x00000038b0400000)]
  0x0000021674d70800 JavaThread "Thread-1915" [_thread_in_native, id=17024, stack(0x00000038b0400000,0x00000038b0500000)]
  0x0000021674d6c800 JavaThread "Thread-1524" [_thread_in_native, id=2076, stack(0x00000038bcf00000,0x00000038bd000000)]
  0x0000021674d69000 JavaThread "Thread-1036" [_thread_in_native, id=25556, stack(0x00000038b0400000,0x00000038b0500000)]
  0x0000021674d6f000 JavaThread "Thread-1029" [_thread_in_native, id=7016, stack(0x00000038b0400000,0x00000038b0500000)]
  0x0000021674d68000 JavaThread "Thread-1022" [_thread_in_native, id=20144, stack(0x00000038ba000000,0x00000038ba100000)]
  0x0000021674d6f800 JavaThread "Thread-931" [_thread_in_native, id=19476, stack(0x00000038b0300000,0x00000038b0400000)]
  0x0000021674d6b000 JavaThread "Thread-923" [_thread_in_native, id=16512, stack(0x00000038b0300000,0x00000038b0400000)]
  0x0000021674d6e000 JavaThread "Thread-918" [_thread_in_native, id=2092, stack(0x00000038b0400000,0x00000038b0500000)]
  0x000002167181e000 JavaThread "Thread-766" [_thread_in_native, id=26576, stack(0x00000038bd300000,0x00000038bd400000)]
  0x000002167181b800 JavaThread "Thread-526" [_thread_in_native, id=2620, stack(0x00000038bc700000,0x00000038bc800000)]
  0x000002163c32e000 JavaThread "Thread-509" [_thread_in_native, id=23084, stack(0x00000038bd200000,0x00000038bd300000)]
  0x0000021671819800 JavaThread "Image Animator 3" daemon [_thread_blocked, id=21700, stack(0x00000038b8100000,0x00000038b8600000)]
  0x000002167181e800 JavaThread "SyntheticaAnimation 50" daemon [_thread_blocked, id=23828, stack(0x00000038bb100000,0x00000038bb600000)]
  0x0000021671817000 JavaThread "hw_ila_monitor" [_thread_blocked, id=9552, stack(0x00000038b9500000,0x00000038b9a00000)]
  0x0000021671813800 JavaThread "Update Runs Swing Worker" [_thread_blocked, id=2480, stack(0x00000038bc000000,0x00000038bc500000)]
  0x000002163c328000 JavaThread "Refresh Filesets Swing Worker" [_thread_blocked, id=22928, stack(0x00000038bbb00000,0x00000038bc000000)]
  0x000002163c329000 JavaThread "SyntheticaAnimation 70" daemon [_thread_blocked, id=5408, stack(0x00000038bb600000,0x00000038bbb00000)]
  0x000002163c327800 JavaThread "SyntheticaAnimation 25" daemon [_thread_blocked, id=25088, stack(0x00000038bac00000,0x00000038bb100000)]
  0x000002163c32c800 JavaThread "SyntheticaAnimation 50" daemon [_thread_blocked, id=24792, stack(0x00000038ba700000,0x00000038bac00000)]
  0x000002163c32c000 JavaThread "Monitor HEventQueue" [_thread_blocked, id=24692, stack(0x00000038ba200000,0x00000038ba700000)]
  0x000002163c32b000 JavaThread "Batik CleanerThread" daemon [_thread_blocked, id=25324, stack(0x00000038b9a00000,0x00000038b9f00000)]
  0x000002163c32a800 JavaThread "SyntheticaCleanerThread" daemon [_thread_blocked, id=15652, stack(0x00000038b8600000,0x00000038b8b00000)]
=>0x0000021666482800 JavaThread "AWT-EventQueue-1" [_thread_in_native, id=21872, stack(0x00000038b9000000,0x00000038b9500000)]
  0x000002166335e800 JavaThread "Process Messages" [_thread_blocked, id=24996, stack(0x00000038b8b00000,0x00000038b9000000)]
  0x000002166671a800 JavaThread "Thread-1" [_thread_in_native, id=18756, stack(0x00000038b0600000,0x00000038b1a00000)]
  0x000002166359c000 JavaThread "TimerQueue" daemon [_thread_blocked, id=6288, stack(0x00000038b7c00000,0x00000038b8100000)]
  0x000002164152f000 JavaThread "AWT-Windows" daemon [_thread_in_native, id=24272, stack(0x00000038b7700000,0x00000038b7c00000)]
  0x0000021640fc7000 JavaThread "AWT-Shutdown" [_thread_blocked, id=19408, stack(0x00000038b7200000,0x00000038b7700000)]
  0x0000021640fc6000 JavaThread "Java2D Disposer" daemon [_thread_blocked, id=1356, stack(0x00000038b6d00000,0x00000038b7200000)]
  0x0000021640eb0000 JavaThread "Service Thread" daemon [_thread_blocked, id=7852, stack(0x00000038b6700000,0x00000038b6c00000)]
  0x000002163c33a800 JavaThread "Common-Cleaner" daemon [_thread_blocked, id=8836, stack(0x00000038b6200000,0x00000038b6700000)]
  0x000002163c32d800 JavaThread "Sweeper thread" daemon [_thread_blocked, id=23780, stack(0x00000038b5d00000,0x00000038b6200000)]
  0x000002163c322800 JavaThread "C1 CompilerThread11" daemon [_thread_blocked, id=16248, stack(0x00000038b5c00000,0x00000038b5d00000)]
  0x000002163c321800 JavaThread "C1 CompilerThread10" daemon [_thread_blocked, id=6416, stack(0x00000038b5b00000,0x00000038b5c00000)]
  0x000002163c5c7800 JavaThread "C1 CompilerThread9" daemon [_thread_blocked, id=4344, stack(0x00000038b5a00000,0x00000038b5b00000)]
  0x000002163c5c6800 JavaThread "C1 CompilerThread8" daemon [_thread_blocked, id=23596, stack(0x00000038b5900000,0x00000038b5a00000)]
  0x000002163c5c5800 JavaThread "C2 CompilerThread7" daemon [_thread_blocked, id=20708, stack(0x00000038b5800000,0x00000038b5900000)]
  0x000002163c5c1000 JavaThread "C2 CompilerThread6" daemon [_thread_blocked, id=6480, stack(0x00000038b5700000,0x00000038b5800000)]
  0x000002163c83e000 JavaThread "C2 CompilerThread5" daemon [_thread_blocked, id=12128, stack(0x00000038b5600000,0x00000038b5700000)]
  0x000002163c83d000 JavaThread "C2 CompilerThread4" daemon [_thread_blocked, id=25096, stack(0x00000038b5500000,0x00000038b5600000)]
  0x000002163fafc000 JavaThread "C2 CompilerThread3" daemon [_thread_blocked, id=24872, stack(0x00000038b5400000,0x00000038b5500000)]
  0x000002163fafb000 JavaThread "C2 CompilerThread2" daemon [_thread_blocked, id=24976, stack(0x00000038b5300000,0x00000038b5400000)]
  0x000002163c5bb000 JavaThread "C2 CompilerThread1" daemon [_thread_blocked, id=24876, stack(0x00000038b5200000,0x00000038b5300000)]
  0x000002163c320000 JavaThread "C2 CompilerThread0" daemon [_thread_blocked, id=24968, stack(0x00000038b5100000,0x00000038b5200000)]
  0x000002163c7d7000 JavaThread "Attach Listener" daemon [_thread_blocked, id=24904, stack(0x00000038b4c00000,0x00000038b5100000)]
  0x000002163bfdd800 JavaThread "Signal Dispatcher" daemon [_thread_blocked, id=24972, stack(0x00000038b4700000,0x00000038b4c00000)]
  0x0000021640c86000 JavaThread "Finalizer" daemon [_thread_blocked, id=24964, stack(0x00000038b4200000,0x00000038b4700000)]
  0x0000021640c85800 JavaThread "Reference Handler" daemon [_thread_blocked, id=24960, stack(0x00000038b3d00000,0x00000038b4200000)]
  0x000002163eedc800 JavaThread "main" [_thread_blocked, id=24892, stack(0x00000038b0500000,0x00000038b0600000)]

Other Threads:
  0x000002163faf6800 VMThread "VM Thread" [stack: 0x00000038b3c00000,0x00000038b3d00000] [id=24908]
  0x0000021640eb0800 WatcherThread [stack: 0x00000038b6c00000,0x00000038b6d00000] [id=23556]
  0x000002163f9a1000 GCTaskThread "GC Thread#0" [stack: 0x00000038b1d00000,0x00000038b1e00000] [id=26392]
  0x000002163f9a1800 GCTaskThread "GC Thread#1" [stack: 0x00000038b1e00000,0x00000038b1f00000] [id=4368]
  0x000002163f577800 GCTaskThread "GC Thread#2" [stack: 0x00000038b1f00000,0x00000038b2000000] [id=25328]
  0x000002163f578000 GCTaskThread "GC Thread#3" [stack: 0x00000038b2000000,0x00000038b2100000] [id=16100]
  0x000002163dc09800 GCTaskThread "GC Thread#4" [stack: 0x00000038b2100000,0x00000038b2200000] [id=20096]
  0x000002163dc0a000 GCTaskThread "GC Thread#5" [stack: 0x00000038b2200000,0x00000038b2300000] [id=23480]
  0x000002163b904800 GCTaskThread "GC Thread#6" [stack: 0x00000038b2300000,0x00000038b2400000] [id=23400]
  0x000002163b905000 GCTaskThread "GC Thread#7" [stack: 0x00000038b2400000,0x00000038b2500000] [id=16316]
  0x000002163b990800 GCTaskThread "GC Thread#8" [stack: 0x00000038b2500000,0x00000038b2600000] [id=26024]
  0x000002163e2f5800 GCTaskThread "GC Thread#9" [stack: 0x00000038b2600000,0x00000038b2700000] [id=14848]
  0x000002163e2f6000 GCTaskThread "GC Thread#10" [stack: 0x00000038b2700000,0x00000038b2800000] [id=2512]
  0x000002163df64000 GCTaskThread "GC Thread#11" [stack: 0x00000038b2800000,0x00000038b2900000] [id=23264]
  0x000002163df12800 GCTaskThread "GC Thread#12" [stack: 0x00000038b2900000,0x00000038b2a00000] [id=7268]
  0x000002163de9f800 ConcurrentGCThread "G1 Main Marker" [stack: 0x00000038b3800000,0x00000038b3900000] [id=3460]
  0x000002163dea0000 ConcurrentGCThread "G1 Marker#0" [stack: 0x00000038b3900000,0x00000038b3a00000] [id=16368]
  0x000002163dea0800 ConcurrentGCThread "G1 Marker#1" [stack: 0x00000038b3a00000,0x00000038b3b00000] [id=5936]
  0x000002163df0e800 ConcurrentGCThread "G1 Marker#2" [stack: 0x00000038b3b00000,0x00000038b3c00000] [id=24924]
  0x000002163f2fa800 ConcurrentGCThread "G1 Refine#0" [stack: 0x00000038b3600000,0x00000038b3700000] [id=26028]
  0x000002163ef7a000 ConcurrentGCThread "G1 Refine#1" [stack: 0x00000038b3500000,0x00000038b3600000] [id=24452]
  0x000002163f4e3000 ConcurrentGCThread "G1 Refine#2" [stack: 0x00000038b3400000,0x00000038b3500000] [id=22236]
  0x000002163f66a000 ConcurrentGCThread "G1 Refine#3" [stack: 0x00000038b3300000,0x00000038b3400000] [id=25176]
  0x000002163f669800 ConcurrentGCThread "G1 Refine#4" [stack: 0x00000038b3200000,0x00000038b3300000] [id=20292]
  0x000002163f23a800 ConcurrentGCThread "G1 Refine#5" [stack: 0x00000038b3100000,0x00000038b3200000] [id=24660]
  0x000002163ba53000 ConcurrentGCThread "G1 Refine#6" [stack: 0x00000038b3000000,0x00000038b3100000] [id=2700]
  0x000002163b920000 ConcurrentGCThread "G1 Refine#7" [stack: 0x00000038b2f00000,0x00000038b3000000] [id=26620]
  0x000002163b91f800 ConcurrentGCThread "G1 Refine#8" [stack: 0x00000038b2e00000,0x00000038b2f00000] [id=10560]
  0x000002163e4d1000 ConcurrentGCThread "G1 Refine#9" [stack: 0x00000038b2d00000,0x00000038b2e00000] [id=25964]
  0x000002163e4d0800 ConcurrentGCThread "G1 Refine#10" [stack: 0x00000038b2c00000,0x00000038b2d00000] [id=24956]
  0x000002163dbc8800 ConcurrentGCThread "G1 Refine#11" [stack: 0x00000038b2b00000,0x00000038b2c00000] [id=11144]
  0x000002163d7d2000 ConcurrentGCThread "G1 Refine#12" [stack: 0x00000038b2a00000,0x00000038b2b00000] [id=25312]
  0x000002163f2fb800 ConcurrentGCThread "G1 Young RemSet Sampling" [stack: 0x00000038b3700000,0x00000038b3800000] [id=4784]

Threads with active compile tasks:

VM state:not at safepoint (normal execution)

VM Mutex/Monitor currently owned by a thread: None

Heap address: 0x0000000700000000, size: 3072 MB, Compressed Oops mode: Zero based, Oop shift amount: 3
Narrow klass base: 0x0000000000000000, Narrow klass shift: 3
Compressed class space size: 1073741824 Address: 0x00000007c0000000

Heap:
 garbage-first heap   total 190464K, used 85233K [0x0000000700000000, 0x00000007001005d0, 0x00000007c0000000)
  region size 1024K, 7 young (7168K), 0 survivors (0K)
 Metaspace       used 84597K, capacity 86798K, committed 94076K, reserved 1130496K
  class space    used 10995K, capacity 11447K, committed 12924K, reserved 1048576K
Heap Regions: E=young(eden), S=young(survivor), O=old, HS=humongous(starts), HC=humongous(continues), CS=collection set, F=free, A=archive, TS=gc time stamp, AC=allocation context, TAMS=top-at-mark-start (previous, next)
|   0|0x0000000700000000, 0x0000000700100000, 0x0000000700100000|100%|HS|  |TS  0|AC  0|TAMS 0x0000000700000000, 0x0000000700000000|
|   1|0x0000000700100000, 0x0000000700200000, 0x0000000700200000|100%|HS|  |TS  0|AC  0|TAMS 0x0000000700100000, 0x0000000700100000|
|   2|0x0000000700200000, 0x0000000700300000, 0x0000000700300000|100%|HC|  |TS  0|AC  0|TAMS 0x0000000700200000, 0x0000000700200000|
|   3|0x0000000700300000, 0x0000000700400000, 0x0000000700400000|100%|HS|  |TS  0|AC  0|TAMS 0x0000000700300000, 0x0000000700300000|
|   4|0x0000000700400000, 0x00000007004fffa8, 0x0000000700500000| 99%| O|  |TS  0|AC  0|TAMS 0x0000000700400000, 0x0000000700400000|
|   5|0x0000000700500000, 0x00000007005fffd0, 0x0000000700600000| 99%| O|  |TS  0|AC  0|TAMS 0x0000000700500000, 0x0000000700500000|
|   6|0x0000000700600000, 0x00000007006fffd8, 0x0000000700700000| 99%| O|  |TS  0|AC  0|TAMS 0x0000000700600000, 0x0000000700600000|
|   7|0x0000000700700000, 0x00000007007fffe0, 0x0000000700800000| 99%| O|  |TS  0|AC  0|TAMS 0x0000000700700000, 0x0000000700700000|
|   8|0x0000000700800000, 0x0000000700900000, 0x0000000700900000|100%| O|  |TS  0|AC  0|TAMS 0x0000000700800000, 0x0000000700800000|
|   9|0x0000000700900000, 0x00000007009f9c98, 0x0000000700a00000| 97%| O|  |TS  0|AC  0|TAMS 0x0000000700900000, 0x0000000700900000|
|  10|0x0000000700a00000, 0x0000000700aff8f0, 0x0000000700b00000| 99%| O|  |TS  0|AC  0|TAMS 0x0000000700a00000, 0x0000000700a00000|
|  11|0x0000000700b00000, 0x0000000700c00000, 0x0000000700c00000|100%| O|  |TS  0|AC  0|TAMS 0x0000000700b00000, 0x0000000700b00000|
|  12|0x0000000700c00000, 0x0000000700cdee40, 0x0000000700d00000| 87%| O|  |TS  0|AC  0|TAMS 0x0000000700c00000, 0x0000000700c00000|
|  13|0x0000000700d00000, 0x0000000700dfffe0, 0x0000000700e00000| 99%| O|  |TS  0|AC  0|TAMS 0x0000000700d00000, 0x0000000700d00000|
|  14|0x0000000700e00000, 0x0000000700ef5348, 0x0000000700f00000| 95%| O|  |TS  0|AC  0|TAMS 0x0000000700e00000, 0x0000000700e00000|
|  15|0x0000000700f00000, 0x0000000700fd1c00, 0x0000000701000000| 81%| O|  |TS  0|AC  0|TAMS 0x0000000700f00000, 0x0000000700f00000|
|  16|0x0000000701000000, 0x00000007010fffd8, 0x0000000701100000| 99%| O|  |TS  0|AC  0|TAMS 0x0000000701000000, 0x0000000701000000|
|  17|0x0000000701100000, 0x00000007011ffe50, 0x0000000701200000| 99%| O|  |TS  0|AC  0|TAMS 0x0000000701100000, 0x0000000701100000|
|  18|0x0000000701200000, 0x00000007012fffd8, 0x0000000701300000| 99%| O|  |TS  0|AC  0|TAMS 0x0000000701200000, 0x0000000701200000|
|  19|0x0000000701300000, 0x00000007013fffe8, 0x0000000701400000| 99%| O|  |TS  0|AC  0|TAMS 0x0000000701300000, 0x0000000701300000|
|  20|0x0000000701400000, 0x00000007014ffff0, 0x0000000701500000| 99%| O|  |TS  0|AC  0|TAMS 0x0000000701400000, 0x0000000701400000|
|  21|0x0000000701500000, 0x00000007015f4358, 0x0000000701600000| 95%| O|  |TS  0|AC  0|TAMS 0x0000000701500000, 0x0000000701500000|
|  22|0x0000000701600000, 0x00000007016ffef0, 0x0000000701700000| 99%| O|  |TS  0|AC  0|TAMS 0x0000000701600000, 0x0000000701600000|
|  23|0x0000000701700000, 0x00000007017fdb50, 0x0000000701800000| 99%| O|  |TS  0|AC  0|TAMS 0x0000000701700000, 0x0000000701700000|
|  24|0x0000000701800000, 0x00000007018fffc8, 0x0000000701900000| 99%| O|  |TS  0|AC  0|TAMS 0x0000000701800000, 0x0000000701800000|
|  25|0x0000000701900000, 0x00000007019ffff0, 0x0000000701a00000| 99%| O|  |TS  0|AC  0|TAMS 0x0000000701900000, 0x0000000701900000|
|  26|0x0000000701a00000, 0x0000000701afffd0, 0x0000000701b00000| 99%| O|  |TS  0|AC  0|TAMS 0x0000000701a00000, 0x0000000701a00000|
|  27|0x0000000701b00000, 0x0000000701bffff0, 0x0000000701c00000| 99%| O|  |TS  0|AC  0|TAMS 0x0000000701b00000, 0x0000000701b00000|
|  28|0x0000000701c00000, 0x0000000701cfff30, 0x0000000701d00000| 99%| O|  |TS  0|AC  0|TAMS 0x0000000701c00000, 0x0000000701c00000|
|  29|0x0000000701d00000, 0x0000000701dffff8, 0x0000000701e00000| 99%| O|  |TS  0|AC  0|TAMS 0x0000000701d00000, 0x0000000701d00000|
|  30|0x0000000701e00000, 0x0000000701efff10, 0x0000000701f00000| 99%| O|  |TS  0|AC  0|TAMS 0x0000000701e00000, 0x0000000701e00000|
|  31|0x0000000701f00000, 0x0000000701ffffe8, 0x0000000702000000| 99%| O|  |TS  0|AC  0|TAMS 0x0000000701f00000, 0x0000000701f00000|
|  32|0x0000000702000000, 0x00000007020ffef8, 0x0000000702100000| 99%| O|  |TS  0|AC  0|TAMS 0x0000000702000000, 0x0000000702000000|
|  33|0x0000000702100000, 0x0000000702200000, 0x0000000702200000|100%| O|  |TS  0|AC  0|TAMS 0x0000000702100000, 0x0000000702100000|
|  34|0x0000000702200000, 0x00000007022fffe0, 0x0000000702300000| 99%| O|  |TS  0|AC  0|TAMS 0x0000000702200000, 0x0000000702200000|
|  35|0x0000000702300000, 0x00000007023fffa8, 0x0000000702400000| 99%| O|  |TS  0|AC  0|TAMS 0x0000000702300000, 0x0000000702300000|
|  36|0x0000000702400000, 0x00000007024bcb30, 0x0000000702500000| 73%| O|  |TS  0|AC  0|TAMS 0x0000000702400000, 0x0000000702400000|
|  37|0x0000000702500000, 0x00000007025fffe8, 0x0000000702600000| 99%| O|  |TS  0|AC  0|TAMS 0x0000000702500000, 0x0000000702500000|
|  38|0x0000000702600000, 0x00000007026fffe0, 0x0000000702700000| 99%| O|  |TS  0|AC  0|TAMS 0x0000000702600000, 0x0000000702600000|
|  39|0x0000000702700000, 0x0000000702800000, 0x0000000702800000|100%|HS|  |TS  0|AC  0|TAMS 0x0000000702700000, 0x0000000702700000|
|  40|0x0000000702800000, 0x0000000702900000, 0x0000000702900000|100%|HC|  |TS  0|AC  0|TAMS 0x0000000702800000, 0x0000000702800000|
|  41|0x0000000702900000, 0x0000000702a00000, 0x0000000702a00000|100%|HC|  |TS  0|AC  0|TAMS 0x0000000702900000, 0x0000000702900000|
|  42|0x0000000702a00000, 0x0000000702b00000, 0x0000000702b00000|100%|HC|  |TS  0|AC  0|TAMS 0x0000000702a00000, 0x0000000702a00000|
|  43|0x0000000702b00000, 0x0000000702c00000, 0x0000000702c00000|100%|HC|  |TS  0|AC  0|TAMS 0x0000000702b00000, 0x0000000702b00000|
|  44|0x0000000702c00000, 0x0000000702d00000, 0x0000000702d00000|100%|HC|  |TS  0|AC  0|TAMS 0x0000000702c00000, 0x0000000702c00000|
|  45|0x0000000702d00000, 0x0000000702e00000, 0x0000000702e00000|100%|HC|  |TS  0|AC  0|TAMS 0x0000000702d00000, 0x0000000702d00000|
|  46|0x0000000702e00000, 0x0000000702f00000, 0x0000000702f00000|100%|HC|  |TS  0|AC  0|TAMS 0x0000000702e00000, 0x0000000702e00000|
|  47|0x0000000702f00000, 0x0000000702fffff8, 0x0000000703000000| 99%| O|  |TS  0|AC  0|TAMS 0x0000000702f00000, 0x0000000702f00000|
|  48|0x0000000703000000, 0x00000007030fffd8, 0x0000000703100000| 99%| O|  |TS  0|AC  0|TAMS 0x0000000703000000, 0x0000000703000000|
|  49|0x0000000703100000, 0x00000007031ffee0, 0x0000000703200000| 99%| O|  |TS  0|AC  0|TAMS 0x0000000703100000, 0x0000000703100000|
|  50|0x0000000703200000, 0x00000007032ffff0, 0x0000000703300000| 99%| O|  |TS  0|AC  0|TAMS 0x0000000703200000, 0x0000000703200000|
|  51|0x0000000703300000, 0x00000007033ffff0, 0x0000000703400000| 99%| O|  |TS  0|AC  0|TAMS 0x0000000703300000, 0x0000000703300000|
|  52|0x0000000703400000, 0x00000007034ffff0, 0x0000000703500000| 99%| O|  |TS  0|AC  0|TAMS 0x0000000703400000, 0x0000000703400000|
|  53|0x0000000703500000, 0x00000007035fffd8, 0x0000000703600000| 99%| O|  |TS  0|AC  0|TAMS 0x0000000703500000, 0x0000000703500000|
|  54|0x0000000703600000, 0x00000007036fffd8, 0x0000000703700000| 99%| O|  |TS  0|AC  0|TAMS 0x0000000703600000, 0x0000000703600000|
|  55|0x0000000703700000, 0x00000007037fff90, 0x0000000703800000| 99%| O|  |TS  0|AC  0|TAMS 0x0000000703700000, 0x0000000703700000|
|  56|0x0000000703800000, 0x00000007038ffff8, 0x0000000703900000| 99%| O|  |TS  0|AC  0|TAMS 0x0000000703800000, 0x0000000703800000|
|  57|0x0000000703900000, 0x00000007039ffff0, 0x0000000703a00000| 99%| O|  |TS  0|AC  0|TAMS 0x0000000703900000, 0x0000000703900000|
|  58|0x0000000703a00000, 0x0000000703affe88, 0x0000000703b00000| 99%| O|  |TS  0|AC  0|TAMS 0x0000000703a00000, 0x0000000703a00000|
|  59|0x0000000703b00000, 0x0000000703bfffe0, 0x0000000703c00000| 99%| O|  |TS  0|AC  0|TAMS 0x0000000703b00000, 0x0000000703b00000|
|  60|0x0000000703c00000, 0x0000000703cfffe8, 0x0000000703d00000| 99%| O|  |TS  0|AC  0|TAMS 0x0000000703c00000, 0x0000000703c00000|
|  61|0x0000000703d00000, 0x0000000703dffee0, 0x0000000703e00000| 99%| O|  |TS  0|AC  0|TAMS 0x0000000703d00000, 0x0000000703d00000|
|  62|0x0000000703e00000, 0x0000000703efffd0, 0x0000000703f00000| 99%| O|  |TS  0|AC  0|TAMS 0x0000000703e00000, 0x0000000703e00000|
|  63|0x0000000703f00000, 0x0000000703fff140, 0x0000000704000000| 99%| O|  |TS  0|AC  0|TAMS 0x0000000703f00000, 0x0000000703f00000|
|  64|0x0000000704000000, 0x00000007040fff08, 0x0000000704100000| 99%| O|  |TS  0|AC  0|TAMS 0x0000000704000000, 0x0000000704000000|
|  65|0x0000000704100000, 0x0000000704200000, 0x0000000704200000|100%| O|  |TS  0|AC  0|TAMS 0x0000000704100000, 0x0000000704100000|
|  66|0x0000000704200000, 0x00000007042fffe8, 0x0000000704300000| 99%| O|  |TS  0|AC  0|TAMS 0x0000000704200000, 0x0000000704200000|
|  67|0x0000000704300000, 0x0000000704400000, 0x0000000704400000|100%| O|  |TS  0|AC  0|TAMS 0x0000000704300000, 0x0000000704300000|
|  68|0x0000000704400000, 0x00000007044fff18, 0x0000000704500000| 99%| O|  |TS  0|AC  0|TAMS 0x0000000704400000, 0x0000000704400000|
|  69|0x0000000704500000, 0x00000007045ffff0, 0x0000000704600000| 99%| O|  |TS  0|AC  0|TAMS 0x0000000704500000, 0x0000000704500000|
|  70|0x0000000704600000, 0x00000007046ffee0, 0x0000000704700000| 99%| O|  |TS  0|AC  0|TAMS 0x0000000704600000, 0x0000000704600000|
|  71|0x0000000704700000, 0x00000007047fffb8, 0x0000000704800000| 99%| O|  |TS  0|AC  0|TAMS 0x0000000704700000, 0x0000000704700000|
|  72|0x0000000704800000, 0x00000007048ffff8, 0x0000000704900000| 99%| O|  |TS  0|AC  0|TAMS 0x0000000704800000, 0x0000000704800000|
|  73|0x0000000704900000, 0x00000007049f0890, 0x0000000704a00000| 93%| O|  |TS  0|AC  0|TAMS 0x0000000704900000, 0x0000000704900000|
|  74|0x0000000704a00000, 0x0000000704a00000, 0x0000000704b00000|  0%| F|  |TS  0|AC  0|TAMS 0x0000000704a00000, 0x0000000704a00000|
|  75|0x0000000704b00000, 0x0000000704b00000, 0x0000000704c00000|  0%| F|  |TS  0|AC  0|TAMS 0x0000000704b00000, 0x0000000704b00000|
|  76|0x0000000704c00000, 0x0000000704c00000, 0x0000000704d00000|  0%| F|  |TS  0|AC  0|TAMS 0x0000000704c00000, 0x0000000704c00000|
|  77|0x0000000704d00000, 0x0000000704e00000, 0x0000000704e00000|100%|HS|  |TS  0|AC  0|TAMS 0x0000000704d00000, 0x0000000704d00000|
|  78|0x0000000704e00000, 0x0000000704f00000, 0x0000000704f00000|100%|HC|  |TS  0|AC  0|TAMS 0x0000000704e00000, 0x0000000704e00000|
|  79|0x0000000704f00000, 0x0000000704f00000, 0x0000000705000000|  0%| F|  |TS  0|AC  0|TAMS 0x0000000704f00000, 0x0000000704f00000|
|  80|0x0000000705000000, 0x0000000705000000, 0x0000000705100000|  0%| F|  |TS  0|AC  0|TAMS 0x0000000705000000, 0x0000000705000000|
|  81|0x0000000705100000, 0x0000000705100000, 0x0000000705200000|  0%| F|  |TS  0|AC  0|TAMS 0x0000000705100000, 0x0000000705100000|
|  82|0x0000000705200000, 0x0000000705200000, 0x0000000705300000|  0%| F|  |TS  0|AC  0|TAMS 0x0000000705200000, 0x0000000705200000|
|  83|0x0000000705300000, 0x0000000705400000, 0x0000000705400000|100%|HS|  |TS  0|AC  0|TAMS 0x0000000705300000, 0x0000000705300000|
|  84|0x0000000705400000, 0x0000000705500000, 0x0000000705500000|100%|HC|  |TS  0|AC  0|TAMS 0x0000000705400000, 0x0000000705400000|
|  85|0x0000000705500000, 0x0000000705500000, 0x0000000705600000|  0%| F|  |TS  0|AC  0|TAMS 0x0000000705500000, 0x0000000705500000|
|  86|0x0000000705600000, 0x0000000705600000, 0x0000000705700000|  0%| F|  |TS  0|AC  0|TAMS 0x0000000705600000, 0x0000000705600000|
|  87|0x0000000705700000, 0x0000000705700000, 0x0000000705800000|  0%| F|  |TS  0|AC  0|TAMS 0x0000000705700000, 0x0000000705700000|
|  88|0x0000000705800000, 0x0000000705800000, 0x0000000705900000|  0%| F|  |TS  0|AC  0|TAMS 0x0000000705800000, 0x0000000705800000|
|  89|0x0000000705900000, 0x0000000705900000, 0x0000000705a00000|  0%| F|  |TS  0|AC  0|TAMS 0x0000000705900000, 0x0000000705900000|
|  90|0x0000000705a00000, 0x0000000705a00000, 0x0000000705b00000|  0%| F|  |TS  0|AC  0|TAMS 0x0000000705a00000, 0x0000000705a00000|
|  91|0x0000000705b00000, 0x0000000705b00000, 0x0000000705c00000|  0%| F|  |TS  0|AC  0|TAMS 0x0000000705b00000, 0x0000000705b00000|
|  92|0x0000000705c00000, 0x0000000705c00000, 0x0000000705d00000|  0%| F|  |TS  0|AC  0|TAMS 0x0000000705c00000, 0x0000000705c00000|
|  93|0x0000000705d00000, 0x0000000705d00000, 0x0000000705e00000|  0%| F|  |TS  0|AC  0|TAMS 0x0000000705d00000, 0x0000000705d00000|
|  94|0x0000000705e00000, 0x0000000705e00000, 0x0000000705f00000|  0%| F|  |TS  0|AC  0|TAMS 0x0000000705e00000, 0x0000000705e00000|
|  95|0x0000000705f00000, 0x0000000705f00000, 0x0000000706000000|  0%| F|  |TS  0|AC  0|TAMS 0x0000000705f00000, 0x0000000705f00000|
|  96|0x0000000706000000, 0x0000000706000000, 0x0000000706100000|  0%| F|  |TS  0|AC  0|TAMS 0x0000000706000000, 0x0000000706000000|
|  97|0x0000000706100000, 0x0000000706100000, 0x0000000706200000|  0%| F|  |TS  0|AC  0|TAMS 0x0000000706100000, 0x0000000706100000|
|  98|0x0000000706200000, 0x0000000706200000, 0x0000000706300000|  0%| F|  |TS  0|AC  0|TAMS 0x0000000706200000, 0x0000000706200000|
|  99|0x0000000706300000, 0x0000000706300000, 0x0000000706400000|  0%| F|  |TS  0|AC  0|TAMS 0x0000000706300000, 0x0000000706300000|
| 100|0x0000000706400000, 0x0000000706400000, 0x0000000706500000|  0%| F|  |TS  0|AC  0|TAMS 0x0000000706400000, 0x0000000706400000|
| 101|0x0000000706500000, 0x0000000706500000, 0x0000000706600000|  0%| F|  |TS  0|AC  0|TAMS 0x0000000706500000, 0x0000000706500000|
| 102|0x0000000706600000, 0x0000000706600000, 0x0000000706700000|  0%| F|  |TS  0|AC  0|TAMS 0x0000000706600000, 0x0000000706600000|
| 103|0x0000000706700000, 0x0000000706700000, 0x0000000706800000|  0%| F|  |TS  0|AC  0|TAMS 0x0000000706700000, 0x0000000706700000|
| 104|0x0000000706800000, 0x0000000706800000, 0x0000000706900000|  0%| F|  |TS  0|AC  0|TAMS 0x0000000706800000, 0x0000000706800000|
| 105|0x0000000706900000, 0x0000000706900000, 0x0000000706a00000|  0%| F|  |TS  0|AC  0|TAMS 0x0000000706900000, 0x0000000706900000|
| 106|0x0000000706a00000, 0x0000000706a00000, 0x0000000706b00000|  0%| F|  |TS  0|AC  0|TAMS 0x0000000706a00000, 0x0000000706a00000|
| 107|0x0000000706b00000, 0x0000000706b00000, 0x0000000706c00000|  0%| F|  |TS  0|AC  0|TAMS 0x0000000706b00000, 0x0000000706b00000|
| 108|0x0000000706c00000, 0x0000000706c00000, 0x0000000706d00000|  0%| F|  |TS  0|AC  0|TAMS 0x0000000706c00000, 0x0000000706c00000|
| 109|0x0000000706d00000, 0x0000000706d00000, 0x0000000706e00000|  0%| F|  |TS  0|AC  0|TAMS 0x0000000706d00000, 0x0000000706d00000|
| 110|0x0000000706e00000, 0x0000000706e00000, 0x0000000706f00000|  0%| F|  |TS  0|AC  0|TAMS 0x0000000706e00000, 0x0000000706e00000|
| 111|0x0000000706f00000, 0x0000000706f00000, 0x0000000707000000|  0%| F|  |TS  0|AC  0|TAMS 0x0000000706f00000, 0x0000000706f00000|
| 112|0x0000000707000000, 0x0000000707000000, 0x0000000707100000|  0%| F|  |TS  0|AC  0|TAMS 0x0000000707000000, 0x0000000707000000|
| 113|0x0000000707100000, 0x0000000707100000, 0x0000000707200000|  0%| F|  |TS  0|AC  0|TAMS 0x0000000707100000, 0x0000000707100000|
| 114|0x0000000707200000, 0x0000000707200000, 0x0000000707300000|  0%| F|  |TS  0|AC  0|TAMS 0x0000000707200000, 0x0000000707200000|
| 115|0x0000000707300000, 0x0000000707300000, 0x0000000707400000|  0%| F|  |TS  0|AC  0|TAMS 0x0000000707300000, 0x0000000707300000|
| 116|0x0000000707400000, 0x0000000707400000, 0x0000000707500000|  0%| F|  |TS  0|AC  0|TAMS 0x0000000707400000, 0x0000000707400000|
| 117|0x0000000707500000, 0x0000000707500000, 0x0000000707600000|  0%| F|  |TS  0|AC  0|TAMS 0x0000000707500000, 0x0000000707500000|
| 118|0x0000000707600000, 0x0000000707600000, 0x0000000707700000|  0%| F|  |TS  0|AC  0|TAMS 0x0000000707600000, 0x0000000707600000|
| 119|0x0000000707700000, 0x0000000707700000, 0x0000000707800000|  0%| F|  |TS  0|AC  0|TAMS 0x0000000707700000, 0x0000000707700000|
| 120|0x0000000707800000, 0x0000000707800000, 0x0000000707900000|  0%| F|  |TS  0|AC  0|TAMS 0x0000000707800000, 0x0000000707800000|
| 121|0x0000000707900000, 0x0000000707900000, 0x0000000707a00000|  0%| F|  |TS  0|AC  0|TAMS 0x0000000707900000, 0x0000000707900000|
| 122|0x0000000707a00000, 0x0000000707a00000, 0x0000000707b00000|  0%| F|  |TS  0|AC  0|TAMS 0x0000000707a00000, 0x0000000707a00000|
| 123|0x0000000707b00000, 0x0000000707b00000, 0x0000000707c00000|  0%| F|  |TS  0|AC  0|TAMS 0x0000000707b00000, 0x0000000707b00000|
| 124|0x0000000707c00000, 0x0000000707c00000, 0x0000000707d00000|  0%| F|  |TS  0|AC  0|TAMS 0x0000000707c00000, 0x0000000707c00000|
| 125|0x0000000707d00000, 0x0000000707d00000, 0x0000000707e00000|  0%| F|  |TS  0|AC  0|TAMS 0x0000000707d00000, 0x0000000707d00000|
| 126|0x0000000707e00000, 0x0000000707e00000, 0x0000000707f00000|  0%| F|  |TS  0|AC  0|TAMS 0x0000000707e00000, 0x0000000707e00000|
| 127|0x0000000707f00000, 0x0000000707f00000, 0x0000000708000000|  0%| F|  |TS  0|AC  0|TAMS 0x0000000707f00000, 0x0000000707f00000|
| 128|0x0000000708000000, 0x0000000708000000, 0x0000000708100000|  0%| F|  |TS  0|AC  0|TAMS 0x0000000708000000, 0x0000000708000000|
| 129|0x0000000708100000, 0x0000000708100000, 0x0000000708200000|  0%| F|  |TS  0|AC  0|TAMS 0x0000000708100000, 0x0000000708100000|
| 130|0x0000000708200000, 0x0000000708200000, 0x0000000708300000|  0%| F|  |TS  0|AC  0|TAMS 0x0000000708200000, 0x0000000708200000|
| 131|0x0000000708300000, 0x0000000708300000, 0x0000000708400000|  0%| F|  |TS  0|AC  0|TAMS 0x0000000708300000, 0x0000000708300000|
| 132|0x0000000708400000, 0x0000000708400000, 0x0000000708500000|  0%| F|  |TS  0|AC  0|TAMS 0x0000000708400000, 0x0000000708400000|
| 133|0x0000000708500000, 0x0000000708500000, 0x0000000708600000|  0%| F|  |TS  0|AC  0|TAMS 0x0000000708500000, 0x0000000708500000|
| 134|0x0000000708600000, 0x0000000708600000, 0x0000000708700000|  0%| F|  |TS  0|AC  0|TAMS 0x0000000708600000, 0x0000000708600000|
| 135|0x0000000708700000, 0x0000000708700000, 0x0000000708800000|  0%| F|  |TS  0|AC  0|TAMS 0x0000000708700000, 0x0000000708700000|
| 136|0x0000000708800000, 0x0000000708800000, 0x0000000708900000|  0%| F|  |TS  0|AC  0|TAMS 0x0000000708800000, 0x0000000708800000|
| 137|0x0000000708900000, 0x0000000708900000, 0x0000000708a00000|  0%| F|  |TS  0|AC  0|TAMS 0x0000000708900000, 0x0000000708900000|
| 138|0x0000000708a00000, 0x0000000708a00000, 0x0000000708b00000|  0%| F|  |TS  0|AC  0|TAMS 0x0000000708a00000, 0x0000000708a00000|
| 139|0x0000000708b00000, 0x0000000708b00000, 0x0000000708c00000|  0%| F|  |TS  0|AC  0|TAMS 0x0000000708b00000, 0x0000000708b00000|
| 140|0x0000000708c00000, 0x0000000708c00000, 0x0000000708d00000|  0%| F|  |TS  0|AC  0|TAMS 0x0000000708c00000, 0x0000000708c00000|
| 141|0x0000000708d00000, 0x0000000708d00000, 0x0000000708e00000|  0%| F|  |TS  0|AC  0|TAMS 0x0000000708d00000, 0x0000000708d00000|
| 142|0x0000000708e00000, 0x0000000708e00000, 0x0000000708f00000|  0%| F|  |TS  0|AC  0|TAMS 0x0000000708e00000, 0x0000000708e00000|
| 143|0x0000000708f00000, 0x0000000708f00000, 0x0000000709000000|  0%| F|  |TS  0|AC  0|TAMS 0x0000000708f00000, 0x0000000708f00000|
| 144|0x0000000709000000, 0x0000000709000000, 0x0000000709100000|  0%| F|  |TS  0|AC  0|TAMS 0x0000000709000000, 0x0000000709000000|
| 145|0x0000000709100000, 0x0000000709100000, 0x0000000709200000|  0%| F|  |TS  0|AC  0|TAMS 0x0000000709100000, 0x0000000709100000|
| 146|0x0000000709200000, 0x0000000709200000, 0x0000000709300000|  0%| F|  |TS  0|AC  0|TAMS 0x0000000709200000, 0x0000000709200000|
| 147|0x0000000709300000, 0x0000000709300000, 0x0000000709400000|  0%| F|  |TS  0|AC  0|TAMS 0x0000000709300000, 0x0000000709300000|
| 148|0x0000000709400000, 0x0000000709400000, 0x0000000709500000|  0%| F|  |TS  0|AC  0|TAMS 0x0000000709400000, 0x0000000709400000|
| 149|0x0000000709500000, 0x0000000709500000, 0x0000000709600000|  0%| F|  |TS  0|AC  0|TAMS 0x0000000709500000, 0x0000000709500000|
| 150|0x0000000709600000, 0x0000000709600000, 0x0000000709700000|  0%| F|  |TS  0|AC  0|TAMS 0x0000000709600000, 0x0000000709600000|
| 151|0x0000000709700000, 0x0000000709700000, 0x0000000709800000|  0%| F|  |TS  0|AC  0|TAMS 0x0000000709700000, 0x0000000709700000|
| 152|0x0000000709800000, 0x0000000709800000, 0x0000000709900000|  0%| F|  |TS  0|AC  0|TAMS 0x0000000709800000, 0x0000000709800000|
| 153|0x0000000709900000, 0x0000000709900000, 0x0000000709a00000|  0%| F|  |TS  0|AC  0|TAMS 0x0000000709900000, 0x0000000709900000|
| 154|0x0000000709a00000, 0x0000000709a00000, 0x0000000709b00000|  0%| F|  |TS  0|AC  0|TAMS 0x0000000709a00000, 0x0000000709a00000|
| 155|0x0000000709b00000, 0x0000000709b00000, 0x0000000709c00000|  0%| F|  |TS  0|AC  0|TAMS 0x0000000709b00000, 0x0000000709b00000|
| 156|0x0000000709c00000, 0x0000000709c00000, 0x0000000709d00000|  0%| F|  |TS  0|AC  0|TAMS 0x0000000709c00000, 0x0000000709c00000|
| 157|0x0000000709d00000, 0x0000000709d00000, 0x0000000709e00000|  0%| F|  |TS  0|AC  0|TAMS 0x0000000709d00000, 0x0000000709d00000|
| 158|0x0000000709e00000, 0x0000000709e00000, 0x0000000709f00000|  0%| F|  |TS  0|AC  0|TAMS 0x0000000709e00000, 0x0000000709e00000|
| 159|0x0000000709f00000, 0x0000000709f00000, 0x000000070a000000|  0%| F|  |TS  0|AC  0|TAMS 0x0000000709f00000, 0x0000000709f00000|
| 160|0x000000070a000000, 0x000000070a000000, 0x000000070a100000|  0%| F|  |TS  0|AC  0|TAMS 0x000000070a000000, 0x000000070a000000|
| 161|0x000000070a100000, 0x000000070a100000, 0x000000070a200000|  0%| F|  |TS  0|AC  0|TAMS 0x000000070a100000, 0x000000070a100000|
| 162|0x000000070a200000, 0x000000070a200000, 0x000000070a300000|  0%| F|  |TS  0|AC  0|TAMS 0x000000070a200000, 0x000000070a200000|
| 163|0x000000070a300000, 0x000000070a300000, 0x000000070a400000|  0%| F|  |TS  0|AC  0|TAMS 0x000000070a300000, 0x000000070a300000|
| 164|0x000000070a400000, 0x000000070a400000, 0x000000070a500000|  0%| F|  |TS  0|AC  0|TAMS 0x000000070a400000, 0x000000070a400000|
| 165|0x000000070a500000, 0x000000070a500000, 0x000000070a600000|  0%| F|  |TS  0|AC  0|TAMS 0x000000070a500000, 0x000000070a500000|
| 166|0x000000070a600000, 0x000000070a600000, 0x000000070a700000|  0%| F|  |TS  0|AC  0|TAMS 0x000000070a600000, 0x000000070a600000|
| 167|0x000000070a700000, 0x000000070a700000, 0x000000070a800000|  0%| F|  |TS  0|AC  0|TAMS 0x000000070a700000, 0x000000070a700000|
| 168|0x000000070a800000, 0x000000070a800000, 0x000000070a900000|  0%| F|  |TS  0|AC  0|TAMS 0x000000070a800000, 0x000000070a800000|
| 169|0x000000070a900000, 0x000000070a900000, 0x000000070aa00000|  0%| F|  |TS  0|AC  0|TAMS 0x000000070a900000, 0x000000070a900000|
| 170|0x000000070aa00000, 0x000000070aa00000, 0x000000070ab00000|  0%| F|  |TS  0|AC  0|TAMS 0x000000070aa00000, 0x000000070aa00000|
| 171|0x000000070ab00000, 0x000000070ab00000, 0x000000070ac00000|  0%| F|  |TS  0|AC  0|TAMS 0x000000070ab00000, 0x000000070ab00000|
| 172|0x000000070ac00000, 0x000000070ac00000, 0x000000070ad00000|  0%| F|  |TS  0|AC  0|TAMS 0x000000070ac00000, 0x000000070ac00000|
| 173|0x000000070ad00000, 0x000000070ad00000, 0x000000070ae00000|  0%| F|  |TS  0|AC  0|TAMS 0x000000070ad00000, 0x000000070ad00000|
| 174|0x000000070ae00000, 0x000000070ae00000, 0x000000070af00000|  0%| F|  |TS  0|AC  0|TAMS 0x000000070ae00000, 0x000000070ae00000|
| 175|0x000000070af00000, 0x000000070af00000, 0x000000070b000000|  0%| F|  |TS  0|AC  0|TAMS 0x000000070af00000, 0x000000070af00000|
| 176|0x000000070b000000, 0x000000070b000000, 0x000000070b100000|  0%| F|  |TS  0|AC  0|TAMS 0x000000070b000000, 0x000000070b000000|
| 177|0x000000070b100000, 0x000000070b100000, 0x000000070b200000|  0%| F|  |TS  0|AC  0|TAMS 0x000000070b100000, 0x000000070b100000|
| 178|0x000000070b200000, 0x000000070b200000, 0x000000070b300000|  0%| F|  |TS  0|AC  0|TAMS 0x000000070b200000, 0x000000070b200000|
| 179|0x000000070b300000, 0x000000070b328f38, 0x000000070b400000| 15%| E|  |TS  0|AC  0|TAMS 0x000000070b300000, 0x000000070b300000|
| 180|0x000000070b400000, 0x000000070b500000, 0x000000070b500000|100%| E|CS|TS  0|AC  0|TAMS 0x000000070b400000, 0x000000070b400000|
| 181|0x000000070b500000, 0x000000070b600000, 0x000000070b600000|100%| E|CS|TS  0|AC  0|TAMS 0x000000070b500000, 0x000000070b500000|
| 182|0x000000070b600000, 0x000000070b700000, 0x000000070b700000|100%| E|CS|TS  0|AC  0|TAMS 0x000000070b600000, 0x000000070b600000|
| 183|0x000000070b700000, 0x000000070b800000, 0x000000070b800000|100%| E|CS|TS  0|AC  0|TAMS 0x000000070b700000, 0x000000070b700000|
| 184|0x000000070b800000, 0x000000070b900000, 0x000000070b900000|100%| E|CS|TS  0|AC  0|TAMS 0x000000070b800000, 0x000000070b800000|
| 185|0x000000070b900000, 0x000000070ba00000, 0x000000070ba00000|100%| E|CS|TS  0|AC  0|TAMS 0x000000070b900000, 0x000000070b900000|

Card table byte_map: [0x0000021658170000,0x0000021658770000] byte_map_base: 0x0000021654970000

Marking Bits (Prev, Next): (CMBitMap*) 0x000002163f74e8f8, (CMBitMap*) 0x000002163f74e8c0
 Prev Bits: [0x000002165bd70000, 0x000002165ed70000)
 Next Bits: [0x0000021658d70000, 0x000002165bd70000)

Polling page: 0x0000021637920000

CodeHeap 'non-profiled nmethods': size=119168Kb used=25886Kb max_used=26516Kb free=93281Kb
 bounds [0x000002164fdd0000, 0x00000216517c0000, 0x0000021657230000]
CodeHeap 'profiled nmethods': size=119168Kb used=47474Kb max_used=51083Kb free=71693Kb
 bounds [0x0000021648970000, 0x000002164bba0000, 0x000002164fdd0000]
CodeHeap 'non-nmethods': size=7424Kb used=3482Kb max_used=3531Kb free=3941Kb
 bounds [0x0000021648230000, 0x00000216485b0000, 0x0000021648970000]
 total_blobs=39963 nmethods=20582 adapters=1125
 compilation: enabled

Compilation events (10 events):
Event: 4108.056 Thread 0x000002163c321800 27161       3       java.awt.Dialog::isModal (5 bytes)
Event: 4108.056 Thread 0x000002163c321800 nmethod 27161 0x0000021649838c90 code [0x0000021649838e40, 0x00000216498390f8]
Event: 4108.932 Thread 0x000002163c5c1000 27162       4       java.lang.Boolean::parseBoolean (19 bytes)
Event: 4108.933 Thread 0x000002163c5c1000 nmethod 27162 0x0000021650ce1890 code [0x0000021650ce1a20, 0x0000021650ce1ac8]
Event: 4110.770 Thread 0x000002163c5c6800 27163       3       com.jidesoft.swing.SimpleScrollPane::stateChanged (16 bytes)
Event: 4110.771 Thread 0x000002163c5c6800 nmethod 27163 0x000002164987a290 code [0x000002164987a440, 0x000002164987a750]
Event: 4110.943 Thread 0x000002163c83e000 27164   !   4       com.jidesoft.plaf.basic.BasicCellStyleTableHeaderUIDelegate::paintCell (1425 bytes)
Event: 4110.965 Thread 0x000002163c83e000 nmethod 27164 0x0000021650f13290 code [0x0000021650f13620, 0x0000021650f15488]
Event: 4111.505 Thread 0x000002163fafb000 27165       4       java.lang.invoke.MethodTypeForm::<init> (687 bytes)
Event: 4111.506 Thread 0x000002163c5bb000 27166       4       java.lang.invoke.LambdaFormEditor::addArgumentForm (121 bytes)

GC Heap History (10 events):
Event: 4094.218 GC heap before
{Heap before GC invocations=927 (full 368):
 garbage-first heap   total 190464K, used 139845K [0x0000000700000000, 0x00000007001005d0, 0x00000007c0000000)
  region size 1024K, 60 young (61440K), 1 survivors (1024K)
 Metaspace       used 84587K, capacity 86782K, committed 94076K, reserved 1130496K
  class space    used 10994K, capacity 11445K, committed 12924K, reserved 1048576K
}
Event: 4094.220 GC heap after
{Heap after GC invocations=928 (full 368):
 garbage-first heap   total 190464K, used 79433K [0x0000000700000000, 0x00000007001005d0, 0x00000007c0000000)
  region size 1024K, 1 young (1024K), 1 survivors (1024K)
 Metaspace       used 84587K, capacity 86782K, committed 94076K, reserved 1130496K
  class space    used 10994K, capacity 11445K, committed 12924K, reserved 1048576K
}
Event: 4104.014 GC heap before
{Heap before GC invocations=928 (full 368):
 garbage-first heap   total 190464K, used 139849K [0x0000000700000000, 0x00000007001005d0, 0x00000007c0000000)
  region size 1024K, 60 young (61440K), 1 survivors (1024K)
 Metaspace       used 84588K, capacity 86786K, committed 94076K, reserved 1130496K
  class space    used 10994K, capacity 11445K, committed 12924K, reserved 1048576K
}
Event: 4104.016 GC heap after
{Heap after GC invocations=929 (full 368):
 garbage-first heap   total 190464K, used 79512K [0x0000000700000000, 0x00000007001005d0, 0x00000007c0000000)
  region size 1024K, 1 young (1024K), 1 survivors (1024K)
 Metaspace       used 84588K, capacity 86786K, committed 94076K, reserved 1130496K
  class space    used 10994K, capacity 11445K, committed 12924K, reserved 1048576K
}
Event: 4104.132 GC heap before
{Heap before GC invocations=929 (full 368):
 garbage-first heap   total 190464K, used 139928K [0x0000000700000000, 0x00000007001005d0, 0x00000007c0000000)
  region size 1024K, 60 young (61440K), 1 survivors (1024K)
 Metaspace       used 84588K, capacity 86786K, committed 94076K, reserved 1130496K
  class space    used 10994K, capacity 11445K, committed 12924K, reserved 1048576K
}
Event: 4104.134 GC heap after
{Heap after GC invocations=930 (full 368):
 garbage-first heap   total 190464K, used 79551K [0x0000000700000000, 0x00000007001005d0, 0x00000007c0000000)
  region size 1024K, 1 young (1024K), 1 survivors (1024K)
 Metaspace       used 84588K, capacity 86786K, committed 94076K, reserved 1130496K
  class space    used 10994K, capacity 11445K, committed 12924K, reserved 1048576K
}
Event: 4107.232 GC heap before
{Heap before GC invocations=930 (full 368):
 garbage-first heap   total 190464K, used 139967K [0x0000000700000000, 0x00000007001005d0, 0x00000007c0000000)
  region size 1024K, 60 young (61440K), 1 survivors (1024K)
 Metaspace       used 84589K, capacity 86786K, committed 94076K, reserved 1130496K
  class space    used 10994K, capacity 11445K, committed 12924K, reserved 1048576K
}
Event: 4107.234 GC heap after
{Heap after GC invocations=931 (full 368):
 garbage-first heap   total 190464K, used 79831K [0x0000000700000000, 0x00000007001005d0, 0x00000007c0000000)
  region size 1024K, 1 young (1024K), 1 survivors (1024K)
 Metaspace       used 84589K, capacity 86786K, committed 94076K, reserved 1130496K
  class space    used 10994K, capacity 11445K, committed 12924K, reserved 1048576K
}
Event: 4110.780 GC heap before
{Heap before GC invocations=931 (full 368):
 garbage-first heap   total 190464K, used 134103K [0x0000000700000000, 0x00000007001005d0, 0x00000007c0000000)
  region size 1024K, 53 young (54272K), 1 survivors (1024K)
 Metaspace       used 84592K, capacity 86786K, committed 94076K, reserved 1130496K
  class space    used 10994K, capacity 11445K, committed 12924K, reserved 1048576K
}
Event: 4110.939 GC heap after
{Heap after GC invocations=932 (full 369):
 garbage-first heap   total 190464K, used 79089K [0x0000000700000000, 0x00000007001005d0, 0x00000007c0000000)
  region size 1024K, 0 young (0K), 0 survivors (0K)
 Metaspace       used 84592K, capacity 86786K, committed 94076K, reserved 1130496K
  class space    used 10994K, capacity 11445K, committed 12924K, reserved 1048576K
}

Deoptimization events (10 events):
Event: 3960.744 Thread 0x0000021666482800 Uncommon trap: reason=unstable_if action=reinterpret pc=0x000002165047ec40 method=java.util.Hashtable.remove(Ljava/lang/Object;)Ljava/lang/Object; @ 51 c2
Event: 3966.526 Thread 0x0000021666482800 Uncommon trap: reason=class_check action=maybe_recompile pc=0x00000216511902f4 method=com.jidesoft.docking.DefaultDockingManager.handleEvent(Ljava/awt/AWTEvent;)Z @ 793 c2
Event: 3998.600 Thread 0x0000021666482800 Uncommon trap: reason=array_check action=maybe_recompile pc=0x00000216513d6680 method=java.util.TimSort.mergeLo(IIII)V @ 81 c2
Event: 3998.600 Thread 0x0000021666482800 Uncommon trap: reason=predicate action=maybe_recompile pc=0x0000021650c0af50 method=java.util.TimSort.mergeHi(IIII)V @ 191 c2
Event: 4026.322 Thread 0x0000021666482800 Uncommon trap: reason=unstable_if action=reinterpret pc=0x0000021650b4458c method=javax.swing.JComponent.paintChildren(Ljava/awt/Graphics;)V @ 384 c2
Event: 4041.676 Thread 0x0000021666482800 Uncommon trap: reason=unstable_if action=reinterpret pc=0x0000021650a946bc method=sun.text.bidi.BidiBase.resolveImplicitLevels(IISS)V @ 21 c2
Event: 4106.372 Thread 0x0000021666482800 Uncommon trap: reason=bimorphic_or_optimized_type_check action=maybe_recompile pc=0x0000021650481f68 method=ui.b.c.b.p.yr(I)Lui/data/bp; @ 21 c2
Event: 4107.218 Thread 0x0000021666482800 Uncommon trap: reason=unstable_if action=reinterpret pc=0x0000021650aa5714 method=java.util.TimSort.sort([Ljava/lang/Object;IILjava/util/Comparator;[Ljava/lang/Object;II)V @ 114 c2
Event: 4111.349 Thread 0x000002166359c000 Uncommon trap: reason=unstable_if action=reinterpret pc=0x00000216510525b4 method=javax.swing.Timer.post()V @ 16 c2
Event: 4111.506 Thread 0x0000021666482800 Uncommon trap: reason=unstable_if action=reinterpret pc=0x0000021650592778 method=java.lang.Throwable.getOurStackTrace()[Ljava/lang/StackTraceElement; @ 7 c2

Classes redefined (0 events):
No events

Internal exceptions (10 events):
Event: 3958.867 Thread 0x0000021666482800 Implicit null exception at 0x000002164ffdfdcc to 0x000002164ffe06d5
Event: 3959.566 Thread 0x000002167181a000 Exception <a 'java/lang/InterruptedException'{0x0000000708bad6c8}: sleep interrupted> (0x0000000708bad6c8) thrown at [t:/workspace/hotspot/src/share/vm/prims/jvm.cpp, line 3023]
Event: 3959.669 Thread 0x0000021666482800 Exception <a 'java/io/FileNotFoundException'{0x00000007080047f8}> (0x00000007080047f8) thrown at [t:/workspace/hotspot/src/share/vm/prims/jni.cpp, line 604]
Event: 3959.687 Thread 0x0000021666482800 Exception <a 'java/io/FileNotFoundException'{0x0000000708088e60}> (0x0000000708088e60) thrown at [t:/workspace/hotspot/src/share/vm/prims/jni.cpp, line 604]
Event: 3960.780 Thread 0x0000021666482800 Exception <a 'java/io/FileNotFoundException'{0x0000000709d9bc30}> (0x0000000709d9bc30) thrown at [t:/workspace/hotspot/src/share/vm/prims/jni.cpp, line 604]
Event: 3960.780 Thread 0x0000021666482800 Exception <a 'java/io/FileNotFoundException'{0x0000000709d9d038}> (0x0000000709d9d038) thrown at [t:/workspace/hotspot/src/share/vm/prims/jni.cpp, line 604]
Event: 3963.486 Thread 0x000002167181a000 Exception <a 'java/lang/InterruptedException'{0x000000070b8846a8}: sleep interrupted> (0x000000070b8846a8) thrown at [t:/workspace/hotspot/src/share/vm/prims/jvm.cpp, line 2984]
Event: 3973.425 Thread 0x000002167181a000 Exception <a 'java/lang/InterruptedException'{0x000000070b280c20}: sleep interrupted> (0x000000070b280c20) thrown at [t:/workspace/hotspot/src/share/vm/prims/jvm.cpp, line 2984]
Event: 3976.008 Thread 0x000002167181b000 Exception <a 'java/lang/InterruptedException'{0x000000070b900c08}: sleep interrupted> (0x000000070b900c08) thrown at [t:/workspace/hotspot/src/share/vm/prims/jvm.cpp, line 2984]
Event: 4111.505 Thread 0x0000021666482800 Exception <a 'ui/frmwork/CommandFailedException'{0x000000070b416360}: Unknown exception occurred> (0x000000070b416360) thrown at [t:/workspace/hotspot/src/share/vm/prims/jni.cpp, line 625]

Events (10 events):
Event: 4110.939 Executing VM operation: G1CollectFull done
Event: 4110.939 Thread 0x000002167181c800 Thread exited: 0x000002167181c800
Event: 4111.349 Thread 0x000002166359c000 Uncommon trap: trap_request=0xffffff5d fr.pc=0x00000216510525b4 relative=0x00000000000000f4
Event: 4111.349 Thread 0x000002166359c000 DEOPT PACKING pc=0x00000216510525b4 sp=0x00000038b80fee10
Event: 4111.349 Thread 0x000002166359c000 DEOPT UNPACKING pc=0x000002164827da29 sp=0x00000038b80feda8 mode 2
Event: 4111.505 loading class java/util/NoSuchElementException
Event: 4111.505 loading class java/util/NoSuchElementException done
Event: 4111.506 Thread 0x0000021666482800 Uncommon trap: trap_request=0xffffff5d fr.pc=0x0000021650592778 relative=0x0000000000000718
Event: 4111.506 Thread 0x0000021666482800 DEOPT PACKING pc=0x0000021650592778 sp=0x00000038b94f5340
Event: 4111.506 Thread 0x0000021666482800 DEOPT UNPACKING pc=0x000002164827da29 sp=0x00000038b94f5318 mode 2


Dynamic libraries:
0x00007ff72d220000 - 0x00007ff72d250000 	E:\fpga\Vivado201803\Vivado\2018.3\bin\unwrapped\win64.o\vivado.exe
0x00007ff853c50000 - 0x00007ff853e67000 	C:\Windows\SYSTEM32\ntdll.dll
0x00007ff852870000 - 0x00007ff852934000 	C:\Windows\System32\KERNEL32.DLL
0x00007ff8511a0000 - 0x00007ff851557000 	C:\Windows\System32\KERNELBASE.dll
0x00007ff850f60000 - 0x00007ff851071000 	C:\Windows\System32\ucrtbase.dll
0x00007ff82f1d0000 - 0x00007ff82f25d000 	C:\Windows\SYSTEM32\MSVCP140.dll
0x00007ff845e80000 - 0x00007ff845e94000 	E:\fpga\Vivado201803\Vivado\2018.3\lib\win64.o\libboost_signals.dll
0x00007ff844830000 - 0x00007ff844844000 	E:\fpga\Vivado201803\Vivado\2018.3\lib\win64.o\librdi_commonmain.dll
0x00007fffa9270000 - 0x00007fffaa104000 	E:\fpga\Vivado201803\Vivado\2018.3\lib\win64.o\librdi_common.dll
0x00007ff8313d0000 - 0x00007ff8313ee000 	C:\Windows\SYSTEM32\VCRUNTIME140.dll
0x00007ff845e50000 - 0x00007ff845e5c000 	C:\Windows\SYSTEM32\VCRUNTIME140_1.dll
0x00007ff852bc0000 - 0x00007ff852d6f000 	C:\Windows\System32\USER32.dll
0x00007ff851140000 - 0x00007ff851166000 	C:\Windows\System32\win32u.dll
0x00007ff852d70000 - 0x00007ff852d99000 	C:\Windows\System32\GDI32.dll
0x00007ff842c90000 - 0x00007ff842cb6000 	E:\fpga\Vivado201803\Vivado\2018.3\lib\win64.o\libboost_filesystem.dll
0x00007ff853b30000 - 0x00007ff853be2000 	C:\Windows\System32\ADVAPI32.dll
0x00007ff851860000 - 0x00007ff851978000 	C:\Windows\System32\gdi32full.dll
0x00007ff84dd80000 - 0x00007ff84dd8a000 	E:\fpga\Vivado201803\Vivado\2018.3\lib\win64.o\librdi_commonversion.dll
0x00007ff852e00000 - 0x00007ff852ea7000 	C:\Windows\System32\msvcrt.dll
0x00007ff851740000 - 0x00007ff8517da000 	C:\Windows\System32\msvcp_win.dll
0x00007ff841a00000 - 0x00007ff841b21000 	E:\fpga\Vivado201803\Vivado\2018.3\lib\win64.o\librdi_commonxillic.dll
0x00007ff851c60000 - 0x00007ff851d08000 	C:\Windows\System32\sechost.dll
0x00007ff851170000 - 0x00007ff851198000 	C:\Windows\System32\bcrypt.dll
0x0000000072410000 - 0x000000007253b000 	E:\fpga\Vivado201803\Vivado\2018.3\lib\win64.o\tcl85t.dll
0x00007ff851d10000 - 0x00007ff852579000 	C:\Windows\System32\SHELL32.dll
0x00007ff853710000 - 0x00007ff853781000 	C:\Windows\System32\WS2_32.dll
0x00007ff852940000 - 0x00007ff852a54000 	C:\Windows\System32\RPCRT4.dll
0x00007fffab7e0000 - 0x00007fffabb4e000 	E:\fpga\Vivado201803\Vivado\2018.3\lib\win64.o\libCOIN-all.dll
0x00007ff83b390000 - 0x00007ff83b645000 	E:\fpga\Vivado201803\Vivado\2018.3\lib\win64.o\libXil_lmgr11.dll
0x00007ff842c70000 - 0x00007ff842c84000 	E:\fpga\Vivado201803\Vivado\2018.3\lib\win64.o\libboost_date_time.dll
0x00007ff853600000 - 0x00007ff8536ff000 	C:\Windows\System32\COMDLG32.dll
0x00007ff842510000 - 0x00007ff84258f000 	E:\fpga\Vivado201803\Vivado\2018.3\lib\win64.o\libboost_program_options.dll
0x00007ff82d400000 - 0x00007ff82d514000 	E:\fpga\Vivado201803\Vivado\2018.3\lib\win64.o\libboost_regex.dll
0x00007ff8537a0000 - 0x00007ff853b2e000 	C:\Windows\System32\combase.dll
0x00007ff851980000 - 0x00007ff851a79000 	C:\Windows\System32\shcore.dll
0x00007ff84b010000 - 0x00007ff84b01b000 	E:\fpga\Vivado201803\Vivado\2018.3\lib\win64.o\libboost_system.dll
0x00007ff842480000 - 0x00007ff8424a1000 	E:\fpga\Vivado201803\Vivado\2018.3\lib\win64.o\libboost_thread.dll
0x00007ff852da0000 - 0x00007ff852dfe000 	C:\Windows\System32\SHLWAPI.dll
0x00007ff84a720000 - 0x00007ff84a72f000 	E:\fpga\Vivado201803\Vivado\2018.3\lib\win64.o\libboost_xilinx.dll
0x00007ff83b1d0000 - 0x00007ff83b252000 	E:\fpga\Vivado201803\Vivado\2018.3\lib\win64.o\libhdlpsolve.dll
0x00007ff852790000 - 0x00007ff852867000 	C:\Windows\System32\OLEAUT32.dll
0x00007ff82f840000 - 0x00007ff82f8e5000 	E:\fpga\Vivado201803\Vivado\2018.3\lib\win64.o\libhdxml.dll
0x00007ff851aa0000 - 0x00007ff851c45000 	C:\Windows\System32\ole32.dll
0x00007fffa1610000 - 0x00007fffa1e5e600 	E:\fpga\Vivado201803\Vivado\2018.3\lib\win64.o\libisl_iostreams.dll
0x00007ff83b110000 - 0x00007ff83b13e000 	E:\fpga\Vivado201803\Vivado\2018.3\lib\win64.o\libisl_sysinfo.dll
0x00007ff8516d0000 - 0x00007ff85173c000 	C:\Windows\System32\WINTRUST.dll
0x00007ff83a2b0000 - 0x00007ff83a315000 	E:\fpga\Vivado201803\Vivado\2018.3\lib\win64.o\liblmx6.0.dll
0x00007ff851560000 - 0x00007ff8516c6000 	C:\Windows\System32\CRYPT32.dll
0x00007ff842c50000 - 0x00007ff842c6a000 	E:\fpga\Vivado201803\Vivado\2018.3\lib\win64.o\pthreadVC2.dll
0x00007ff8419e0000 - 0x00007ff8419fc000 	E:\fpga\Vivado201803\Vivado\2018.3\lib\win64.o\librdiconfig.dll
0x00007ff83b0e0000 - 0x00007ff83b101000 	E:\fpga\Vivado201803\Vivado\2018.3\lib\win64.o\librdizlib.dll
0x0000000012000000 - 0x0000000012272000 	E:\fpga\Vivado201803\Vivado\2018.3\lib\win64.o\xerces-c_3_1.dll
0x00007ff82d0d0000 - 0x00007ff82d0e9000 	C:\Windows\SYSTEM32\NETAPI32.dll
0x00007ff832b30000 - 0x00007ff83302e000 	C:\Windows\SYSTEM32\WININET.dll
0x00007ff84c950000 - 0x00007ff84ca86000 	C:\Windows\SYSTEM32\WINHTTP.dll
0x00007ff82cca0000 - 0x00007ff82ce90000 	C:\Windows\SYSTEM32\urlmon.dll
0x00007ff83d260000 - 0x00007ff83d269000 	C:\Windows\SYSTEM32\WSOCK32.dll
0x00007fff930c0000 - 0x00007fff93f51000 	E:\fpga\Vivado201803\Vivado\2018.3\lib\win64.o\gurobi65.dll
0x00007ff8169a0000 - 0x00007ff8169d0000 	C:\Windows\SYSTEM32\VCOMP140.DLL
0x00007ff845e70000 - 0x00007ff845e7d000 	E:\fpga\Vivado201803\Vivado\2018.3\lib\win64.o\libboost_chrono.dll
0x00007ff841170000 - 0x00007ff841223000 	C:\Windows\WinSxS\amd64_microsoft.windows.common-controls_6595b64144ccf1df_5.82.22621.3527_none_b43b7f4b638cc64f\COMCTL32.dll
0x00007ff83b080000 - 0x00007ff83b09b000 	E:\fpga\Vivado201803\Vivado\2018.3\lib\win64.o\libboost_iostreams.dll
0x00007ff83a280000 - 0x00007ff83a2a5000 	E:\fpga\Vivado201803\Vivado\2018.3\lib\win64.o\libisl_iosutils.dll
0x00007ff84c860000 - 0x00007ff84c87f000 	C:\Windows\SYSTEM32\dhcpcsvc.DLL
0x00007ff83a500000 - 0x00007ff83a7be000 	C:\Windows\SYSTEM32\iertutil.dll
0x00007ff8448a0000 - 0x00007ff8448c8000 	C:\Windows\SYSTEM32\srvcli.dll
0x00007ff84faa0000 - 0x00007ff84faac000 	C:\Windows\SYSTEM32\netutils.dll
0x00007ff852580000 - 0x00007ff8525b1000 	C:\Windows\System32\IMM32.DLL
0x00007ff8508c0000 - 0x00007ff8508d2000 	C:\Windows\SYSTEM32\MSASN1.dll
0x00007ff8500a0000 - 0x00007ff8500b8000 	C:\Windows\SYSTEM32\kernel.appcore.dll
0x00007fffa0770000 - 0x00007fffa0c65000 	E:\fpga\Vivado201803\Vivado\2018.3\lib\win64.o\librdi_commontasks.dll
0x00007ff84a420000 - 0x00007ff84a42a000 	C:\Windows\SYSTEM32\VERSION.dll
0x00007fffd4b90000 - 0x00007fffd4e0f000 	E:\fpga\Vivado201803\Vivado\2018.3\lib\win64.o\librdi_sio.dll
0x00000000719e0000 - 0x0000000072405000 	E:\fpga\Vivado201803\Vivado\2018.3\tps\win64\jre9.0.4\bin\server\jvm.dll
0x00007ff84fab0000 - 0x00007ff84fadd000 	C:\Windows\SYSTEM32\IPHLPAPI.DLL
0x00007ff853790000 - 0x00007ff853798000 	C:\Windows\System32\PSAPI.DLL
0x00007ff84ad10000 - 0x00007ff84ad44000 	C:\Windows\SYSTEM32\WINMM.dll
0x00007ff82d310000 - 0x00007ff82d3ff000 	C:\Windows\SYSTEM32\MSVCR120.dll
0x00007ff850510000 - 0x00007ff850579000 	C:\Windows\SYSTEM32\MSWSOCK.DLL
0x00007ff84eee0000 - 0x00007ff84f7df000 	C:\Windows\SYSTEM32\windows.storage.dll
0x00007ff84eda0000 - 0x00007ff84eedf000 	C:\Windows\SYSTEM32\wintypes.dll
0x00007fff7bd80000 - 0x00007fff7e142000 	E:\fpga\Vivado201803\Vivado\2018.3\lib\win64.o\librdi_tcltasks.dll
0x00007fffa1230000 - 0x00007fffa160c000 	E:\fpga\Vivado201803\Vivado\2018.3\lib\win64.o\librdi_bitstream.dll
0x00007ff81d1b0000 - 0x00007ff81d32e000 	E:\fpga\Vivado201803\Vivado\2018.3\lib\win64.o\librdi_board.dll
0x00007ff809520000 - 0x00007ff8095fc000 	E:\fpga\Vivado201803\Vivado\2018.3\lib\win64.o\librdi_chipscope.dll
0x00007ff82d2a0000 - 0x00007ff82d30a000 	E:\fpga\Vivado201803\Vivado\2018.3\lib\win64.o\librdi_boarddep.dll
0x00007fffee1d0000 - 0x00007fffee389000 	E:\fpga\Vivado201803\Vivado\2018.3\lib\win64.o\librdi_chipscopeimpl.dll
0x00007fffea020000 - 0x00007fffea168000 	E:\fpga\Vivado201803\Vivado\2018.3\lib\win64.o\librdi_containers.dll
0x00007fff917b0000 - 0x00007fff930b5000 	E:\fpga\Vivado201803\Vivado\2018.3\lib\win64.o\librdi_constraints.dll
0x00007fff79f60000 - 0x00007fff7bd7f000 	E:\fpga\Vivado201803\Vivado\2018.3\lib\win64.o\librdi_coregen.dll
0x00007fff95fc0000 - 0x00007fff9669a000 	E:\fpga\Vivado201803\Vivado\2018.3\lib\win64.o\librdi_coregenipxact.dll
0x00007fff76160000 - 0x00007fff79f5b000 	E:\fpga\Vivado201803\Vivado\2018.3\lib\win64.o\librdi_designutils.dll
0x00007fffca920000 - 0x00007fffcac3b000 	E:\fpga\Vivado201803\Vivado\2018.3\lib\win64.o\librdi_dlyest.dll
0x00007fffa0210000 - 0x00007fffa0770000 	E:\fpga\Vivado201803\Vivado\2018.3\lib\win64.o\librdi_drc.dll
0x00007fffe9e30000 - 0x00007fffe9ef2000 	E:\fpga\Vivado201803\Vivado\2018.3\lib\win64.o\librdi_dsp.dll
0x00007fff91170000 - 0x00007fff917af000 	E:\fpga\Vivado201803\Vivado\2018.3\lib\win64.o\librdi_filemgmt.dll
0x00007ff821760000 - 0x00007ff8217bd000 	E:\fpga\Vivado201803\Vivado\2018.3\lib\win64.o\librdi_hdf.dll
0x00007fffb75c0000 - 0x00007fffb789a000 	E:\fpga\Vivado201803\Vivado\2018.3\lib\win64.o\librdi_guitools.dll
0x00007fff8fe30000 - 0x00007fff90445000 	E:\fpga\Vivado201803\Vivado\2018.3\lib\win64.o\librdi_memdata.dll
0x00007fff74dc0000 - 0x00007fff76151000 	E:\fpga\Vivado201803\Vivado\2018.3\lib\win64.o\librdi_implflow.dll
0x00007ff81ea30000 - 0x00007ff81eaa1000 	E:\fpga\Vivado201803\Vivado\2018.3\lib\win64.o\librdi_memoryarray.dll
0x00007fff8f7f0000 - 0x00007fff8fe2b000 	E:\fpga\Vivado201803\Vivado\2018.3\lib\win64.o\librdi_netlist.dll
0x00007ff8335e0000 - 0x00007ff833630000 	E:\fpga\Vivado201803\Vivado\2018.3\lib\win64.o\librdi_pfi.dll
0x00007fff71410000 - 0x00007fff74dbc000 	E:\fpga\Vivado201803\Vivado\2018.3\lib\win64.o\librdi_mig.dll
0x00007fff95cb0000 - 0x00007fff95fb7000 	E:\fpga\Vivado201803\Vivado\2018.3\lib\win64.o\librdi_platform.dll
0x00007fff6eef0000 - 0x00007fff71404000 	E:\fpga\Vivado201803\Vivado\2018.3\lib\win64.o\librdi_place.dll
0x00007fff6e7f0000 - 0x00007fff6eee5000 	E:\fpga\Vivado201803\Vivado\2018.3\lib\win64.o\librdi_power.dll
0x00007fff6e290000 - 0x00007fff6e7e6000 	E:\fpga\Vivado201803\Vivado\2018.3\lib\win64.o\librdi_project.dll
0x00007fff6db90000 - 0x00007fff6e283000 	E:\fpga\Vivado201803\Vivado\2018.3\lib\win64.o\librdi_psta.dll
0x00007fff43590000 - 0x00007fff542e2000 	E:\fpga\Vivado201803\Vivado\2018.3\lib\win64.o\librdi_device.dll
0x00007fff6d4b0000 - 0x00007fff6db89000 	E:\fpga\Vivado201803\Vivado\2018.3\lib\win64.o\librdi_rsb.dll
0x00007fff6d0d0000 - 0x00007fff6d4a7000 	E:\fpga\Vivado201803\Vivado\2018.3\lib\win64.o\librdi_runs.dll
0x00007fffe58a0000 - 0x00007fffe5978000 	E:\fpga\Vivado201803\Vivado\2018.3\lib\win64.o\librdi_runsbase.dll
0x00007fffaa640000 - 0x00007fffaa868000 	E:\fpga\Vivado201803\Vivado\2018.3\lib\win64.o\librdi_simdata.dll
0x00007fff6c340000 - 0x00007fff6d0cd000 	E:\fpga\Vivado201803\Vivado\2018.3\lib\win64.o\librdi_timing.dll
0x00007fffe1da0000 - 0x00007fffe1ef4000 	E:\fpga\Vivado201803\Vivado\2018.3\lib\win64.o\librdi_advchipscopeimpl.dll
0x00007ff82eb60000 - 0x00007ff82ebac000 	E:\fpga\Vivado201803\Vivado\2018.3\lib\win64.o\libboost_serialization.dll
0x00007fffe95f0000 - 0x00007fffe96a8000 	E:\fpga\Vivado201803\Vivado\2018.3\lib\win64.o\librdi_hip_devdesign.dll
0x00007ff8336a0000 - 0x00007ff8336d8000 	E:\fpga\Vivado201803\Vivado\2018.3\lib\win64.o\librdi_noc_frameworks.dll
0x00007ff81d100000 - 0x00007ff81d1ab000 	E:\fpga\Vivado201803\Vivado\2018.3\lib\win64.o\librdi_ipconfig_readwrite.dll
0x00007fff6b7f0000 - 0x00007fff6c337000 	E:\fpga\Vivado201803\Vivado\2018.3\lib\win64.o\libverific.dll
0x00007fff6b430000 - 0x00007fff6b7e5000 	E:\fpga\Vivado201803\Vivado\2018.3\lib\win64.o\librdi_hip_config.dll
0x00007fff6aee0000 - 0x00007fff6b42e000 	E:\fpga\Vivado201803\Vivado\2018.3\lib\win64.o\librdi_xdm.dll
0x00007fffe8bc0000 - 0x00007fffe8c5e000 	E:\fpga\Vivado201803\Vivado\2018.3\lib\win64.o\libise.dll
0x00007fff6a8f0000 - 0x00007fff6aed4000 	E:\fpga\Vivado201803\Vivado\2018.3\lib\win64.o\librdi_wavedata.dll
0x00007ff821710000 - 0x00007ff821759000 	E:\fpga\Vivado201803\Vivado\2018.3\lib\win64.o\librdi_wavedata_SimpleApi.dll
0x00007ff80e8b0000 - 0x00007ff80e913000 	E:\fpga\Vivado201803\Vivado\2018.3\lib\win64.o\librdi_hip_mathengine.dll
0x00007fff698e0000 - 0x00007fff6a8e2000 	E:\fpga\Vivado201803\Vivado\2018.3\lib\win64.o\librdi_route.dll

VM Arguments:
jvm_args: -Dsun.java2d.pmoffscreen=false -Dsun.java2d.xrender=false -Dsun.java2d.d3d=false -Dsun.awt.nopixfmt=true -Dsun.java2d.dpiaware=true -Dsun.java2d.uiScale.enabled=false -Xverify:none -Dswing.aatext=true -XX:-UsePerfData -Djdk.map.althashing.threshold=512 -XX:StringTableSize=4072 --add-opens=java.base/java.nio=ALL-UNNAMED --add-opens=java.desktop/sun.swing=ALL-UNNAMED --add-opens=java.desktop/javax.swing=ALL-UNNAMED --add-opens=java.desktop/javax.swing.tree=ALL-UNNAMED --add-opens=java.desktop/javax.swing.plaf.basic=ALL-UNNAMED --add-opens=java.desktop/javax.swing.plaf.synth=ALL-UNNAMED --add-opens=java.desktop/com.sun.awt=ALL-UNNAMED -XX:NewSize=60m -XX:MaxNewSize=60m -Xms128m -Xmx3072m -Xss5m 
java_command: <unknown>
java_class_path (initial): E:/fpga/Vivado201803/Vivado/2018.3\lib\classes\alloy.jar;E:/fpga/Vivado201803/Vivado/2018.3\lib\classes\autopilot.scelaborator.jar;E:/fpga/Vivado201803/Vivado/2018.3\lib\classes\autopilot.sourceprocessor.jar;E:/fpga/Vivado201803/Vivado/2018.3\lib\classes\autopilot.tbprocessor.jar;E:/fpga/Vivado201803/Vivado/2018.3\lib\classes\batik-anim.jar;E:/fpga/Vivado201803/Vivado/2018.3\lib\classes\batik-awt-util.jar;E:/fpga/Vivado201803/Vivado/2018.3\lib\classes\batik-bridge.jar;E:/fpga/Vivado201803/Vivado/2018.3\lib\classes\batik-codec.jar;E:/fpga/Vivado201803/Vivado/2018.3\lib\classes\batik-css.jar;E:/fpga/Vivado201803/Vivado/2018.3\lib\classes\batik-dom.jar;E:/fpga/Vivado201803/Vivado/2018.3\lib\classes\batik-ext.jar;E:/fpga/Vivado201803/Vivado/2018.3\lib\classes\batik-gui-util.jar;E:/fpga/Vivado201803/Vivado/2018.3\lib\classes\batik-gvt.jar;E:/fpga/Vivado201803/Vivado/2018.3\lib\classes\batik-parser.jar;E:/fpga/Vivado201803/Vivado/2018.3\lib\classes\batik-script.jar;E:/fpga/Vivado201803/Vivado/2018.3\lib\classes\batik-svg-dom.jar;E:/fpga/Vivado201803/Vivado/2018.3\lib\classes\batik-swing.jar;E:/fpga/Vivado201803/Vivado/2018.3\lib\classes\batik-transcoder.jar;E:/fpga/Vivado201803/Vivado/2018.3\lib\classes\batik-util.jar;E:/fpga/Vivado201803/Vivado/2018.3\lib\classes\batik-xml.jar;E:/fpga/Vivado201803/Vivado/2018.3\lib\classes\com.ibm.icu_4.4.2.v20110208.jar;E:/fpga/Vivado201803/Vivado/2018.3\lib\classes\commons-collections4-4.1.jar;E:/fpga/Vivado201803/Vivado/2018.3\lib\classes\commons-math-2.2.jar;E:/fpga/Vivado201803/Vivado/2018.3\lib\classes\dom4j-1.6.1.jar;E:/fpga/Vivado201803/Vivado/2018.3\lib\classes\guava-18.0.jar;E:/fpga/Vivado201803/Vivado/2018.3\lib\classes\help.jar;E:/fpga/Vivado201803/Vivado/2018.3\lib\classes\hsqldb.jar;E:/fpga/Vivado201803/Vivado/2018.3\lib\classes\jargs.jar;E:/fpga/Vivado201803/Vivado/2018.3\lib\classes\jaxb-api-2.3.0.jar;E:/fpga/Vivado201803/Vivado/2018.3\lib\classes\jh.jar;E:/fpga/Vivado201803/Vivado/2018.3\lib\
Launcher Type: generic

Logging:
Log output configuration:
#0: stdout all=warning uptime,level,tags
#1: stderr all=off uptime,level,tags

Environment Variables:
PATH=E:/fpga/Vivado201803/Vivado/2018.3/bin;E:/fpga/Vivado201803/Vivado/2018.3/lib/win64.o;E:/fpga/Vivado201803/Vivado/2018.3/tps/win64/jre9.0.4/bin/server;E:/fpga/Vivado201803/Vivado/2018.3/tps/win64/jre9.0.4/bin;E:/fpga/Vivado201803/SDK/2018.3/bin;E:/fpga/Vivado201803/Vivado/2018.3/ids_lite/ISE/bin/nt64;E:/fpga/Vivado201803/Vivado/2018.3/ids_lite/ISE/lib/nt64;C:\Program Files\Common Files\Siemens\Automation\Simatic OAM\bin;D:\app\MWORKS\Sysplorer 2024a\bin64;D:\app\python\Scripts\;D:\app\python\;C:\Windows\system32;C:\Windows;C:\Windows\System32\Wbem;C:\Windows\System32\WindowsPowerShell\v1.0\;C:\Windows\System32\OpenSSH\;C:\Program Files (x86)\NVIDIA Corporation\PhysX\Common;C:\Program Files\NVIDIA Corporation\NVIDIA NvDLISR;C:\Program Files\Bandizip\;D:\app\matlab\runtime\win64;D:\app\matlab\bin;C:\Program Files (x86)\STMicroelectronics\STM32 ST-LINK Utility\ST-LINK Utility;C:\Program Files\Microsoft SQL Server\Client SDK\ODBC\110\Tools\Binn\;C:\Program Files (x86)\Microsoft SQL Server\120\Tools\Binn\;C:\Program Files\Microsoft SQL Server\120\Tools\Binn\;C:\Program Files\Microsoft SQL Server\120\DTS\Binn\;C:\Program Files (x86)\Windows Kits\8.1\Windows Performance Toolkit\;C:\Program Files\dotnet\;C:\Program Files\Microsoft SQL Server\150\Tools\Binn\;F:\OpenCV\opencv\build\bin;F:\OpenCV\opencv\build\x64\vc16\bin;D:\Windows Kits\10\Windows Performance Toolkit\;D:\app\gitbash\Git\cmd;C:\Users\Public\TongYuan\julia-1.9.3\bin;D:\app\MWORKS\Syslab 2024b\Bin\bin;%USERPROFILE%\AppData\Local\Microsoft\WindowsApps;D:\app\vscode\Microsoft VS Code\bin;C:\Program Files\mingw64\bin;;E:\fpga\modulsim\win64;E:\fpga\modulsim\local\win64;E:/fpga/Vivado201803/Vivado/2018.3\tps\mingw\6.2.0\win64.o\nt\bin;E:/fpga/Vivado201803/Vivado/2018.3\tps\mingw\6.2.0\win64.o\nt\libexec\gcc\x86_64-w64-mingw32\6.2.0
USERNAME=air
OS=Windows_NT
PROCESSOR_IDENTIFIER=AMD64 Family 25 Model 68 Stepping 1, AuthenticAMD



---------------  S Y S T E M  ---------------

OS: Windows 10 , 64 bit Build 22621 (10.0.22621.3958)

CPU:total 16 (initial active 16) (16 cores per cpu, 1 threads per core) family 25 model 68 stepping 1, cmov, cx8, fxsr, mmx, sse, sse2, sse3, ssse3, sse4.1, sse4.2, popcnt, avx, avx2, aes, clmul, erms, mmxext, 3dnowpref, lzcnt, sse4a, tsc, tscinvbit, tscinv, bmi1

Memory: 4k page, physical 15982976k(8894732k free), swap 22012288k(9172480k free)

vm_info: Java HotSpot(TM) 64-Bit Server VM (9.0.4+11) for windows-amd64 JRE (9.0.4+11), built on Dec 20 2017 02:18:54 by "mach5one" with MS VC++ 12.0 (VS2013)

END.
